{"last_updated": "2014-08-28 06:45:02.296228", "results": [{"group": "Android", "test_results": [{"skipped": {}, "all_passed": false, "environments": ["dev", "prod", "stage"], "path_to_result": "tests.mobile.test_reviews/TestReviews/test_that_after_viewing_reviews_clicking_back_goes_to_app_page/", "failed": [{"jobs": ["marketplace.dev.mobile.saucelabs"], "result": "failure", "detail": "test failure: self = <tests.mobile.test_reviews.TestReviews instance at 0x1089bdc68>\nmozwebqa = <pytest_mozwebqa.pytest_mozwebqa.TestSetup instance at 0x1089bdb00>\n\n    @pytest.mark.nondestructive\n    def test_that_after_viewing_reviews_clicking_back_goes_to_app_page(self, mozwebqa):\n        \"\"\" Navigate to the reviews listing for an app from the URL (not by clicking through to it),\n            click back, test that the current page is the app page.\n            \"\"\"\n    \n        home_page = Home(mozwebqa)\n>       home_page.go_to_homepage()\n\ntests/mobile/test_reviews.py:76: \n_ _ _ _ _ _ _ _ _ _ _ _ _ _ _ _ _ _ _ _ _ _ _ _ _ _ _ _ _ _ _ _ _ _ _ _ _ _ _ _ \n\nself = <pages.mobile.home.Home object at 0x10896a310>\n\n    def go_to_homepage(self):\n        self.selenium.get(self.base_url)\n>       self.wait_for_element_present(*self._featured_section_locator)\n\npages/mobile/home.py:30: \n_ _ _ _ _ _ _ _ _ _ _ _ _ _ _ _ _ _ _ _ _ _ _ _ _ _ _ _ _ _ _ _ _ _ _ _ _ _ _ _ \n\nself = <pages.mobile.home.Home object at 0x10896a310>\nlocator = ('id', 'featured')\n\n    def wait_for_element_present(self, *locator):\n        \"\"\"Wait for an element to become present.\"\"\"\n        self.selenium.implicitly_wait(0)\n        try:\n            WebDriverWait(self.selenium, 10).until(lambda s: self._selenium_root.find_element(*locator))\n        except TimeoutException:\n>           Assert.fail(TimeoutException)\n\npages/page.py:92: \n_ _ _ _ _ _ _ _ _ _ _ _ _ _ _ _ _ _ _ _ _ _ _ _ _ _ _ _ _ _ _ _ _ _ _ _ _ _ _ _ \n\nself = <class 'unittestzero.Assert'>\nmsg = <class 'selenium.common.exceptions.TimeoutException'>\n\n    @classmethod\n    def fail(self, msg):\n        \"\"\"\n            Raises an assertion error with a message passed in\n    \n            :Args:\n             - Message that will be printed\n            \"\"\"\n>       raise AssertionError(msg)\nE       AssertionError: <class 'selenium.common.exceptions.TimeoutException'>\n\n.env/lib/python2.7/site-packages/unittestzero.py:125: AssertionError"}, {"jobs": ["marketplace.prod.mobile.saucelabs"], "result": "failure", "detail": "test failure: self = <tests.mobile.test_reviews.TestReviews instance at 0x102866f80>\nmozwebqa = <pytest_mozwebqa.pytest_mozwebqa.TestSetup instance at 0x102866b00>\n\n    @pytest.mark.nondestructive\n    def test_that_after_viewing_reviews_clicking_back_goes_to_app_page(self, mozwebqa):\n        \"\"\" Navigate to the reviews listing for an app from the URL (not by clicking through to it),\n            click back, test that the current page is the app page.\n            \"\"\"\n    \n        home_page = Home(mozwebqa)\n>       home_page.go_to_homepage()\n\ntests/mobile/test_reviews.py:76: \n_ _ _ _ _ _ _ _ _ _ _ _ _ _ _ _ _ _ _ _ _ _ _ _ _ _ _ _ _ _ _ _ _ _ _ _ _ _ _ _ \n\nself = <pages.mobile.home.Home object at 0x102865150>\n\n    def go_to_homepage(self):\n        self.selenium.get(self.base_url)\n>       self.wait_for_element_present(*self._featured_section_locator)\n\npages/mobile/home.py:30: \n_ _ _ _ _ _ _ _ _ _ _ _ _ _ _ _ _ _ _ _ _ _ _ _ _ _ _ _ _ _ _ _ _ _ _ _ _ _ _ _ \n\nself = <pages.mobile.home.Home object at 0x102865150>\nlocator = ('id', 'featured')\n\n    def wait_for_element_present(self, *locator):\n        \"\"\"Wait for an element to become present.\"\"\"\n        self.selenium.implicitly_wait(0)\n        try:\n            WebDriverWait(self.selenium, 10).until(lambda s: self._selenium_root.find_element(*locator))\n        except TimeoutException:\n>           Assert.fail(TimeoutException)\n\npages/page.py:92: \n_ _ _ _ _ _ _ _ _ _ _ _ _ _ _ _ _ _ _ _ _ _ _ _ _ _ _ _ _ _ _ _ _ _ _ _ _ _ _ _ \n\nself = <class 'unittestzero.Assert'>\nmsg = <class 'selenium.common.exceptions.TimeoutException'>\n\n    @classmethod\n    def fail(self, msg):\n        \"\"\"\n            Raises an assertion error with a message passed in\n    \n            :Args:\n             - Message that will be printed\n            \"\"\"\n>       raise AssertionError(msg)\nE       AssertionError: <class 'selenium.common.exceptions.TimeoutException'>\n\n.env/lib/python2.7/site-packages/unittestzero.py:125: AssertionError"}, {"jobs": ["marketplace.stage.mobile.saucelabs"], "result": "failure", "detail": "test failure: self = <tests.mobile.test_reviews.TestReviews instance at 0x10fc2a830>\nmozwebqa = <pytest_mozwebqa.pytest_mozwebqa.TestSetup instance at 0x10fc11050>\n\n    @pytest.mark.nondestructive\n    def test_that_after_viewing_reviews_clicking_back_goes_to_app_page(self, mozwebqa):\n        \"\"\" Navigate to the reviews listing for an app from the URL (not by clicking through to it),\n            click back, test that the current page is the app page.\n            \"\"\"\n    \n        home_page = Home(mozwebqa)\n>       home_page.go_to_homepage()\n\ntests/mobile/test_reviews.py:76: \n_ _ _ _ _ _ _ _ _ _ _ _ _ _ _ _ _ _ _ _ _ _ _ _ _ _ _ _ _ _ _ _ _ _ _ _ _ _ _ _ \n\nself = <pages.mobile.home.Home object at 0x10fc853d0>\n\n    def go_to_homepage(self):\n        self.selenium.get(self.base_url)\n>       self.wait_for_element_present(*self._featured_section_locator)\n\npages/mobile/home.py:30: \n_ _ _ _ _ _ _ _ _ _ _ _ _ _ _ _ _ _ _ _ _ _ _ _ _ _ _ _ _ _ _ _ _ _ _ _ _ _ _ _ \n\nself = <pages.mobile.home.Home object at 0x10fc853d0>\nlocator = ('id', 'featured')\n\n    def wait_for_element_present(self, *locator):\n        \"\"\"Wait for an element to become present.\"\"\"\n        self.selenium.implicitly_wait(0)\n        try:\n            WebDriverWait(self.selenium, 10).until(lambda s: self._selenium_root.find_element(*locator))\n        except TimeoutException:\n>           Assert.fail(TimeoutException)\n\npages/page.py:92: \n_ _ _ _ _ _ _ _ _ _ _ _ _ _ _ _ _ _ _ _ _ _ _ _ _ _ _ _ _ _ _ _ _ _ _ _ _ _ _ _ \n\nself = <class 'unittestzero.Assert'>\nmsg = <class 'selenium.common.exceptions.TimeoutException'>\n\n    @classmethod\n    def fail(self, msg):\n        \"\"\"\n            Raises an assertion error with a message passed in\n    \n            :Args:\n             - Message that will be printed\n            \"\"\"\n>       raise AssertionError(msg)\nE       AssertionError: <class 'selenium.common.exceptions.TimeoutException'>\n\n.env/lib/python2.7/site-packages/unittestzero.py:125: AssertionError"}], "passed": [], "test_name": "test_that_after_viewing_reviews_clicking_back_goes_to_app_page"}, {"skipped": {}, "all_passed": false, "environments": ["dev", "prod", "stage"], "path_to_result": "tests.mobile.test_search/TestSearch/test_that_searching_with_empty_field_returns_results/", "failed": [{"jobs": ["marketplace.dev.mobile.saucelabs"], "result": "failure", "detail": "test failure: self = <tests.mobile.test_search.TestSearch instance at 0x1095a5d40>\nmozwebqa = <pytest_mozwebqa.pytest_mozwebqa.TestSetup instance at 0x1095a5a28>\n\n    @pytest.mark.nondestructive\n    def test_that_searching_with_empty_field_returns_results(self, mozwebqa):\n        home_page = Home(mozwebqa)\n>       home_page.go_to_homepage()\n\ntests/mobile/test_search.py:21: \n_ _ _ _ _ _ _ _ _ _ _ _ _ _ _ _ _ _ _ _ _ _ _ _ _ _ _ _ _ _ _ _ _ _ _ _ _ _ _ _ \n\nself = <pages.mobile.home.Home object at 0x10957bc90>\n\n    def go_to_homepage(self):\n        self.selenium.get(self.base_url)\n>       self.wait_for_element_present(*self._featured_section_locator)\n\npages/mobile/home.py:30: \n_ _ _ _ _ _ _ _ _ _ _ _ _ _ _ _ _ _ _ _ _ _ _ _ _ _ _ _ _ _ _ _ _ _ _ _ _ _ _ _ \n\nself = <pages.mobile.home.Home object at 0x10957bc90>\nlocator = ('id', 'featured')\n\n    def wait_for_element_present(self, *locator):\n        \"\"\"Wait for an element to become present.\"\"\"\n        self.selenium.implicitly_wait(0)\n        try:\n            WebDriverWait(self.selenium, 10).until(lambda s: self._selenium_root.find_element(*locator))\n        except TimeoutException:\n>           Assert.fail(TimeoutException)\n\npages/page.py:92: \n_ _ _ _ _ _ _ _ _ _ _ _ _ _ _ _ _ _ _ _ _ _ _ _ _ _ _ _ _ _ _ _ _ _ _ _ _ _ _ _ \n\nself = <class 'unittestzero.Assert'>\nmsg = <class 'selenium.common.exceptions.TimeoutException'>\n\n    @classmethod\n    def fail(self, msg):\n        \"\"\"\n            Raises an assertion error with a message passed in\n    \n            :Args:\n             - Message that will be printed\n            \"\"\"\n>       raise AssertionError(msg)\nE       AssertionError: <class 'selenium.common.exceptions.TimeoutException'>\n\n.env/lib/python2.7/site-packages/unittestzero.py:125: AssertionError"}, {"jobs": ["marketplace.prod.mobile.saucelabs"], "result": "failure", "detail": "test failure: self = <tests.mobile.test_search.TestSearch instance at 0x10324fa70>\nmozwebqa = <pytest_mozwebqa.pytest_mozwebqa.TestSetup instance at 0x10324f6c8>\n\n    @pytest.mark.nondestructive\n    def test_that_searching_with_empty_field_returns_results(self, mozwebqa):\n        home_page = Home(mozwebqa)\n>       home_page.go_to_homepage()\n\ntests/mobile/test_search.py:21: \n_ _ _ _ _ _ _ _ _ _ _ _ _ _ _ _ _ _ _ _ _ _ _ _ _ _ _ _ _ _ _ _ _ _ _ _ _ _ _ _ \n\nself = <pages.mobile.home.Home object at 0x10326bed0>\n\n    def go_to_homepage(self):\n        self.selenium.get(self.base_url)\n>       self.wait_for_element_present(*self._featured_section_locator)\n\npages/mobile/home.py:30: \n_ _ _ _ _ _ _ _ _ _ _ _ _ _ _ _ _ _ _ _ _ _ _ _ _ _ _ _ _ _ _ _ _ _ _ _ _ _ _ _ \n\nself = <pages.mobile.home.Home object at 0x10326bed0>\nlocator = ('id', 'featured')\n\n    def wait_for_element_present(self, *locator):\n        \"\"\"Wait for an element to become present.\"\"\"\n        self.selenium.implicitly_wait(0)\n        try:\n            WebDriverWait(self.selenium, 10).until(lambda s: self._selenium_root.find_element(*locator))\n        except TimeoutException:\n>           Assert.fail(TimeoutException)\n\npages/page.py:92: \n_ _ _ _ _ _ _ _ _ _ _ _ _ _ _ _ _ _ _ _ _ _ _ _ _ _ _ _ _ _ _ _ _ _ _ _ _ _ _ _ \n\nself = <class 'unittestzero.Assert'>\nmsg = <class 'selenium.common.exceptions.TimeoutException'>\n\n    @classmethod\n    def fail(self, msg):\n        \"\"\"\n            Raises an assertion error with a message passed in\n    \n            :Args:\n             - Message that will be printed\n            \"\"\"\n>       raise AssertionError(msg)\nE       AssertionError: <class 'selenium.common.exceptions.TimeoutException'>\n\n.env/lib/python2.7/site-packages/unittestzero.py:125: AssertionError"}, {"jobs": ["marketplace.stage.mobile.saucelabs"], "result": "failure", "detail": "test failure: self = <tests.mobile.test_search.TestSearch instance at 0x10ae9dcb0>\nmozwebqa = <pytest_mozwebqa.pytest_mozwebqa.TestSetup instance at 0x10ae9d710>\n\n    @pytest.mark.nondestructive\n    def test_that_searching_with_empty_field_returns_results(self, mozwebqa):\n        home_page = Home(mozwebqa)\n>       home_page.go_to_homepage()\n\ntests/mobile/test_search.py:21: \n_ _ _ _ _ _ _ _ _ _ _ _ _ _ _ _ _ _ _ _ _ _ _ _ _ _ _ _ _ _ _ _ _ _ _ _ _ _ _ _ \n\nself = <pages.mobile.home.Home object at 0x10aea7810>\n\n    def go_to_homepage(self):\n        self.selenium.get(self.base_url)\n>       self.wait_for_element_present(*self._featured_section_locator)\n\npages/mobile/home.py:30: \n_ _ _ _ _ _ _ _ _ _ _ _ _ _ _ _ _ _ _ _ _ _ _ _ _ _ _ _ _ _ _ _ _ _ _ _ _ _ _ _ \n\nself = <pages.mobile.home.Home object at 0x10aea7810>\nlocator = ('id', 'featured')\n\n    def wait_for_element_present(self, *locator):\n        \"\"\"Wait for an element to become present.\"\"\"\n        self.selenium.implicitly_wait(0)\n        try:\n            WebDriverWait(self.selenium, 10).until(lambda s: self._selenium_root.find_element(*locator))\n        except TimeoutException:\n>           Assert.fail(TimeoutException)\n\npages/page.py:92: \n_ _ _ _ _ _ _ _ _ _ _ _ _ _ _ _ _ _ _ _ _ _ _ _ _ _ _ _ _ _ _ _ _ _ _ _ _ _ _ _ \n\nself = <class 'unittestzero.Assert'>\nmsg = <class 'selenium.common.exceptions.TimeoutException'>\n\n    @classmethod\n    def fail(self, msg):\n        \"\"\"\n            Raises an assertion error with a message passed in\n    \n            :Args:\n             - Message that will be printed\n            \"\"\"\n>       raise AssertionError(msg)\nE       AssertionError: <class 'selenium.common.exceptions.TimeoutException'>\n\n.env/lib/python2.7/site-packages/unittestzero.py:125: AssertionError"}], "passed": [], "test_name": "test_that_searching_with_empty_field_returns_results"}, {"skipped": {"jobs": ["marketplace.dev.mobile.saucelabs", "marketplace.stage.mobile.saucelabs"], "result": "skipped", "detail": "expected test failure: Issue 500 Login tests currently don't work on Saucelabs"}, "all_passed": true, "environments": ["dev", "stage"], "path_to_result": "tests.mobile.test_reviews/TestReviews/test_that_checks_the_addition_of_a_review/", "failed": [], "passed": [], "test_name": "test_that_checks_the_addition_of_a_review"}, {"skipped": {"jobs": ["marketplace.dev.mobile.saucelabs", "marketplace.prod.mobile.saucelabs", "marketplace.stage.mobile.saucelabs"], "result": "skipped", "detail": "expected test failure: Issue 500 Login tests currently don't work on Saucelabs"}, "all_passed": true, "environments": ["dev", "prod", "stage"], "path_to_result": "tests.mobile.test_users_account/TestAccounts/test_user_can_go_back_from_settings_page/", "failed": [], "passed": [], "test_name": "test_user_can_go_back_from_settings_page"}, {"skipped": {"jobs": ["marketplace.dev.mobile.saucelabs", "marketplace.stage.mobile.saucelabs"], "result": "skipped", "detail": "expected test failure: Issue 500 Login tests currently don't work on Saucelabs"}, "all_passed": true, "environments": ["dev", "stage"], "path_to_result": "tests.mobile.test_reviews/TestReviews/test_that_after_writing_a_review_clicking_back_goes_to_app_page/", "failed": [], "passed": [], "test_name": "test_that_after_writing_a_review_clicking_back_goes_to_app_page"}, {"skipped": {}, "all_passed": false, "environments": ["dev", "prod", "stage"], "path_to_result": "tests.mobile.test_search/TestSearch/test_that_searching_returns_results/", "failed": [{"jobs": ["marketplace.dev.mobile.saucelabs"], "result": "failure", "detail": "test failure: self = <tests.mobile.test_search.TestSearch instance at 0x11009b488>\nmozwebqa = <pytest_mozwebqa.pytest_mozwebqa.TestSetup instance at 0x11014e8c0>\n\n    @pytest.mark.nondestructive\n    def test_that_searching_returns_results(self, mozwebqa):\n        home_page = Home(mozwebqa)\n>       home_page.go_to_homepage()\n\ntests/mobile/test_search.py:30: \n_ _ _ _ _ _ _ _ _ _ _ _ _ _ _ _ _ _ _ _ _ _ _ _ _ _ _ _ _ _ _ _ _ _ _ _ _ _ _ _ \n\nself = <pages.mobile.home.Home object at 0x110136150>\n\n    def go_to_homepage(self):\n        self.selenium.get(self.base_url)\n>       self.wait_for_element_present(*self._featured_section_locator)\n\npages/mobile/home.py:30: \n_ _ _ _ _ _ _ _ _ _ _ _ _ _ _ _ _ _ _ _ _ _ _ _ _ _ _ _ _ _ _ _ _ _ _ _ _ _ _ _ \n\nself = <pages.mobile.home.Home object at 0x110136150>\nlocator = ('id', 'featured')\n\n    def wait_for_element_present(self, *locator):\n        \"\"\"Wait for an element to become present.\"\"\"\n        self.selenium.implicitly_wait(0)\n        try:\n            WebDriverWait(self.selenium, 10).until(lambda s: self._selenium_root.find_element(*locator))\n        except TimeoutException:\n>           Assert.fail(TimeoutException)\n\npages/page.py:92: \n_ _ _ _ _ _ _ _ _ _ _ _ _ _ _ _ _ _ _ _ _ _ _ _ _ _ _ _ _ _ _ _ _ _ _ _ _ _ _ _ \n\nself = <class 'unittestzero.Assert'>\nmsg = <class 'selenium.common.exceptions.TimeoutException'>\n\n    @classmethod\n    def fail(self, msg):\n        \"\"\"\n            Raises an assertion error with a message passed in\n    \n            :Args:\n             - Message that will be printed\n            \"\"\"\n>       raise AssertionError(msg)\nE       AssertionError: <class 'selenium.common.exceptions.TimeoutException'>\n\n.env/lib/python2.7/site-packages/unittestzero.py:125: AssertionError"}, {"jobs": ["marketplace.prod.mobile.saucelabs"], "result": "failure", "detail": "test failure: self = <tests.mobile.test_search.TestSearch instance at 0x10d317638>\nmozwebqa = <pytest_mozwebqa.pytest_mozwebqa.TestSetup instance at 0x10d317680>\n\n    @pytest.mark.nondestructive\n    def test_that_searching_returns_results(self, mozwebqa):\n        home_page = Home(mozwebqa)\n>       home_page.go_to_homepage()\n\ntests/mobile/test_search.py:30: \n_ _ _ _ _ _ _ _ _ _ _ _ _ _ _ _ _ _ _ _ _ _ _ _ _ _ _ _ _ _ _ _ _ _ _ _ _ _ _ _ \n\nself = <pages.mobile.home.Home object at 0x10d27b190>\n\n    def go_to_homepage(self):\n        self.selenium.get(self.base_url)\n>       self.wait_for_element_present(*self._featured_section_locator)\n\npages/mobile/home.py:30: \n_ _ _ _ _ _ _ _ _ _ _ _ _ _ _ _ _ _ _ _ _ _ _ _ _ _ _ _ _ _ _ _ _ _ _ _ _ _ _ _ \n\nself = <pages.mobile.home.Home object at 0x10d27b190>\nlocator = ('id', 'featured')\n\n    def wait_for_element_present(self, *locator):\n        \"\"\"Wait for an element to become present.\"\"\"\n        self.selenium.implicitly_wait(0)\n        try:\n            WebDriverWait(self.selenium, 10).until(lambda s: self._selenium_root.find_element(*locator))\n        except TimeoutException:\n>           Assert.fail(TimeoutException)\n\npages/page.py:92: \n_ _ _ _ _ _ _ _ _ _ _ _ _ _ _ _ _ _ _ _ _ _ _ _ _ _ _ _ _ _ _ _ _ _ _ _ _ _ _ _ \n\nself = <class 'unittestzero.Assert'>\nmsg = <class 'selenium.common.exceptions.TimeoutException'>\n\n    @classmethod\n    def fail(self, msg):\n        \"\"\"\n            Raises an assertion error with a message passed in\n    \n            :Args:\n             - Message that will be printed\n            \"\"\"\n>       raise AssertionError(msg)\nE       AssertionError: <class 'selenium.common.exceptions.TimeoutException'>\n\n.env/lib/python2.7/site-packages/unittestzero.py:125: AssertionError"}, {"jobs": ["marketplace.stage.mobile.saucelabs"], "result": "failure", "detail": "test failure: self = <tests.mobile.test_search.TestSearch instance at 0x10e014bd8>\nmozwebqa = <pytest_mozwebqa.pytest_mozwebqa.TestSetup instance at 0x10e0148c0>\n\n    @pytest.mark.nondestructive\n    def test_that_searching_returns_results(self, mozwebqa):\n        home_page = Home(mozwebqa)\n>       home_page.go_to_homepage()\n\ntests/mobile/test_search.py:30: \n_ _ _ _ _ _ _ _ _ _ _ _ _ _ _ _ _ _ _ _ _ _ _ _ _ _ _ _ _ _ _ _ _ _ _ _ _ _ _ _ \n\nself = <pages.mobile.home.Home object at 0x10cfd2b90>\n\n    def go_to_homepage(self):\n        self.selenium.get(self.base_url)\n>       self.wait_for_element_present(*self._featured_section_locator)\n\npages/mobile/home.py:30: \n_ _ _ _ _ _ _ _ _ _ _ _ _ _ _ _ _ _ _ _ _ _ _ _ _ _ _ _ _ _ _ _ _ _ _ _ _ _ _ _ \n\nself = <pages.mobile.home.Home object at 0x10cfd2b90>\nlocator = ('id', 'featured')\n\n    def wait_for_element_present(self, *locator):\n        \"\"\"Wait for an element to become present.\"\"\"\n        self.selenium.implicitly_wait(0)\n        try:\n            WebDriverWait(self.selenium, 10).until(lambda s: self._selenium_root.find_element(*locator))\n        except TimeoutException:\n>           Assert.fail(TimeoutException)\n\npages/page.py:92: \n_ _ _ _ _ _ _ _ _ _ _ _ _ _ _ _ _ _ _ _ _ _ _ _ _ _ _ _ _ _ _ _ _ _ _ _ _ _ _ _ \n\nself = <class 'unittestzero.Assert'>\nmsg = <class 'selenium.common.exceptions.TimeoutException'>\n\n    @classmethod\n    def fail(self, msg):\n        \"\"\"\n            Raises an assertion error with a message passed in\n    \n            :Args:\n             - Message that will be printed\n            \"\"\"\n>       raise AssertionError(msg)\nE       AssertionError: <class 'selenium.common.exceptions.TimeoutException'>\n\n.env/lib/python2.7/site-packages/unittestzero.py:125: AssertionError"}], "passed": [], "test_name": "test_that_searching_returns_results"}, {"skipped": {}, "all_passed": false, "environments": ["dev", "prod", "stage"], "path_to_result": "tests.mobile.test_details_page/TestDetails/test_details_page_for_an_app/", "failed": [{"jobs": ["marketplace.dev.mobile.saucelabs"], "result": "failure", "detail": "test failure: self = <tests.mobile.test_details_page.TestDetails instance at 0x104e7b680>\nmozwebqa = <pytest_mozwebqa.pytest_mozwebqa.TestSetup instance at 0x104e7b758>\n\n    @pytest.mark.nondestructive\n    def test_details_page_for_an_app(self, mozwebqa):\n        \"\"\"https://moztrap.mozilla.org/runtests/run/243/env/112/ - Verify details page for an app\"\"\"\n        home_page = Home(mozwebqa)\n>       home_page.go_to_homepage()\n\ntests/mobile/test_details_page.py:21: \n_ _ _ _ _ _ _ _ _ _ _ _ _ _ _ _ _ _ _ _ _ _ _ _ _ _ _ _ _ _ _ _ _ _ _ _ _ _ _ _ \n\nself = <pages.mobile.home.Home object at 0x104e29150>\n\n    def go_to_homepage(self):\n        self.selenium.get(self.base_url)\n>       self.wait_for_element_present(*self._featured_section_locator)\n\npages/mobile/home.py:30: \n_ _ _ _ _ _ _ _ _ _ _ _ _ _ _ _ _ _ _ _ _ _ _ _ _ _ _ _ _ _ _ _ _ _ _ _ _ _ _ _ \n\nself = <pages.mobile.home.Home object at 0x104e29150>\nlocator = ('id', 'featured')\n\n    def wait_for_element_present(self, *locator):\n        \"\"\"Wait for an element to become present.\"\"\"\n        self.selenium.implicitly_wait(0)\n        try:\n            WebDriverWait(self.selenium, 10).until(lambda s: self._selenium_root.find_element(*locator))\n        except TimeoutException:\n>           Assert.fail(TimeoutException)\n\npages/page.py:92: \n_ _ _ _ _ _ _ _ _ _ _ _ _ _ _ _ _ _ _ _ _ _ _ _ _ _ _ _ _ _ _ _ _ _ _ _ _ _ _ _ \n\nself = <class 'unittestzero.Assert'>\nmsg = <class 'selenium.common.exceptions.TimeoutException'>\n\n    @classmethod\n    def fail(self, msg):\n        \"\"\"\n            Raises an assertion error with a message passed in\n    \n            :Args:\n             - Message that will be printed\n            \"\"\"\n>       raise AssertionError(msg)\nE       AssertionError: <class 'selenium.common.exceptions.TimeoutException'>\n\n.env/lib/python2.7/site-packages/unittestzero.py:125: AssertionError"}, {"jobs": ["marketplace.prod.mobile.saucelabs"], "result": "failure", "detail": "test failure: self = <tests.mobile.test_details_page.TestDetails instance at 0x107a8c320>\nmozwebqa = <pytest_mozwebqa.pytest_mozwebqa.TestSetup instance at 0x107ab4b00>\n\n    @pytest.mark.nondestructive\n    def test_details_page_for_an_app(self, mozwebqa):\n        \"\"\"https://moztrap.mozilla.org/runtests/run/243/env/112/ - Verify details page for an app\"\"\"\n        home_page = Home(mozwebqa)\n>       home_page.go_to_homepage()\n\ntests/mobile/test_details_page.py:21: \n_ _ _ _ _ _ _ _ _ _ _ _ _ _ _ _ _ _ _ _ _ _ _ _ _ _ _ _ _ _ _ _ _ _ _ _ _ _ _ _ \n\nself = <pages.mobile.home.Home object at 0x1079d81d0>\n\n    def go_to_homepage(self):\n        self.selenium.get(self.base_url)\n>       self.wait_for_element_present(*self._featured_section_locator)\n\npages/mobile/home.py:30: \n_ _ _ _ _ _ _ _ _ _ _ _ _ _ _ _ _ _ _ _ _ _ _ _ _ _ _ _ _ _ _ _ _ _ _ _ _ _ _ _ \n\nself = <pages.mobile.home.Home object at 0x1079d81d0>\nlocator = ('id', 'featured')\n\n    def wait_for_element_present(self, *locator):\n        \"\"\"Wait for an element to become present.\"\"\"\n        self.selenium.implicitly_wait(0)\n        try:\n            WebDriverWait(self.selenium, 10).until(lambda s: self._selenium_root.find_element(*locator))\n        except TimeoutException:\n>           Assert.fail(TimeoutException)\n\npages/page.py:92: \n_ _ _ _ _ _ _ _ _ _ _ _ _ _ _ _ _ _ _ _ _ _ _ _ _ _ _ _ _ _ _ _ _ _ _ _ _ _ _ _ \n\nself = <class 'unittestzero.Assert'>\nmsg = <class 'selenium.common.exceptions.TimeoutException'>\n\n    @classmethod\n    def fail(self, msg):\n        \"\"\"\n            Raises an assertion error with a message passed in\n    \n            :Args:\n             - Message that will be printed\n            \"\"\"\n>       raise AssertionError(msg)\nE       AssertionError: <class 'selenium.common.exceptions.TimeoutException'>\n\n.env/lib/python2.7/site-packages/unittestzero.py:125: AssertionError"}, {"jobs": ["marketplace.stage.mobile.saucelabs"], "result": "failure", "detail": "test failure: self = <tests.mobile.test_details_page.TestDetails instance at 0x105d77d88>\nmozwebqa = <pytest_mozwebqa.pytest_mozwebqa.TestSetup instance at 0x105d5b518>\n\n    @pytest.mark.nondestructive\n    def test_details_page_for_an_app(self, mozwebqa):\n        \"\"\"https://moztrap.mozilla.org/runtests/run/243/env/112/ - Verify details page for an app\"\"\"\n        home_page = Home(mozwebqa)\n>       home_page.go_to_homepage()\n\ntests/mobile/test_details_page.py:21: \n_ _ _ _ _ _ _ _ _ _ _ _ _ _ _ _ _ _ _ _ _ _ _ _ _ _ _ _ _ _ _ _ _ _ _ _ _ _ _ _ \n\nself = <pages.mobile.home.Home object at 0x105d79f10>\n\n    def go_to_homepage(self):\n        self.selenium.get(self.base_url)\n>       self.wait_for_element_present(*self._featured_section_locator)\n\npages/mobile/home.py:30: \n_ _ _ _ _ _ _ _ _ _ _ _ _ _ _ _ _ _ _ _ _ _ _ _ _ _ _ _ _ _ _ _ _ _ _ _ _ _ _ _ \n\nself = <pages.mobile.home.Home object at 0x105d79f10>\nlocator = ('id', 'featured')\n\n    def wait_for_element_present(self, *locator):\n        \"\"\"Wait for an element to become present.\"\"\"\n        self.selenium.implicitly_wait(0)\n        try:\n            WebDriverWait(self.selenium, 10).until(lambda s: self._selenium_root.find_element(*locator))\n        except TimeoutException:\n>           Assert.fail(TimeoutException)\n\npages/page.py:92: \n_ _ _ _ _ _ _ _ _ _ _ _ _ _ _ _ _ _ _ _ _ _ _ _ _ _ _ _ _ _ _ _ _ _ _ _ _ _ _ _ \n\nself = <class 'unittestzero.Assert'>\nmsg = <class 'selenium.common.exceptions.TimeoutException'>\n\n    @classmethod\n    def fail(self, msg):\n        \"\"\"\n            Raises an assertion error with a message passed in\n    \n            :Args:\n             - Message that will be printed\n            \"\"\"\n>       raise AssertionError(msg)\nE       AssertionError: <class 'selenium.common.exceptions.TimeoutException'>\n\n.env/lib/python2.7/site-packages/unittestzero.py:125: AssertionError"}], "passed": [], "test_name": "test_details_page_for_an_app"}, {"skipped": {"jobs": ["marketplace.dev.mobile.saucelabs", "marketplace.prod.mobile.saucelabs", "marketplace.stage.mobile.saucelabs"], "result": "skipped", "detail": "expected test failure: Issue 500 Login tests currently don't work on Saucelabs"}, "all_passed": true, "environments": ["dev", "prod", "stage"], "path_to_result": "tests.mobile.test_users_account/TestAccounts/test_user_can_login_and_logout/", "failed": [], "passed": [], "test_name": "test_user_can_login_and_logout"}, {"skipped": {}, "all_passed": false, "environments": ["dev", "prod", "stage"], "path_to_result": "tests.mobile.test_home_page/TestHomepage/test_that_verifies_categories_section/", "failed": [{"jobs": ["marketplace.dev.mobile.saucelabs"], "result": "failure", "detail": "test failure: self = <tests.mobile.test_home_page.TestHomepage instance at 0x10d181b48>\nmozwebqa = <pytest_mozwebqa.pytest_mozwebqa.TestSetup instance at 0x10d189ea8>\n\n    @pytest.mark.nondestructive\n    def test_that_verifies_categories_section(self, mozwebqa):\n    \n        home_page = Home(mozwebqa)\n>       home_page.go_to_homepage()\n\ntests/mobile/test_home_page.py:19: \n_ _ _ _ _ _ _ _ _ _ _ _ _ _ _ _ _ _ _ _ _ _ _ _ _ _ _ _ _ _ _ _ _ _ _ _ _ _ _ _ \n\nself = <pages.mobile.home.Home object at 0x10d19b890>\n\n    def go_to_homepage(self):\n        self.selenium.get(self.base_url)\n>       self.wait_for_element_present(*self._featured_section_locator)\n\npages/mobile/home.py:30: \n_ _ _ _ _ _ _ _ _ _ _ _ _ _ _ _ _ _ _ _ _ _ _ _ _ _ _ _ _ _ _ _ _ _ _ _ _ _ _ _ \n\nself = <pages.mobile.home.Home object at 0x10d19b890>\nlocator = ('id', 'featured')\n\n    def wait_for_element_present(self, *locator):\n        \"\"\"Wait for an element to become present.\"\"\"\n        self.selenium.implicitly_wait(0)\n        try:\n            WebDriverWait(self.selenium, 10).until(lambda s: self._selenium_root.find_element(*locator))\n        except TimeoutException:\n>           Assert.fail(TimeoutException)\n\npages/page.py:92: \n_ _ _ _ _ _ _ _ _ _ _ _ _ _ _ _ _ _ _ _ _ _ _ _ _ _ _ _ _ _ _ _ _ _ _ _ _ _ _ _ \n\nself = <class 'unittestzero.Assert'>\nmsg = <class 'selenium.common.exceptions.TimeoutException'>\n\n    @classmethod\n    def fail(self, msg):\n        \"\"\"\n            Raises an assertion error with a message passed in\n    \n            :Args:\n             - Message that will be printed\n            \"\"\"\n>       raise AssertionError(msg)\nE       AssertionError: <class 'selenium.common.exceptions.TimeoutException'>\n\n.env/lib/python2.7/site-packages/unittestzero.py:125: AssertionError"}, {"jobs": ["marketplace.prod.mobile.saucelabs"], "result": "failure", "detail": "test failure: self = <tests.mobile.test_home_page.TestHomepage instance at 0x1058dd7a0>\nmozwebqa = <pytest_mozwebqa.pytest_mozwebqa.TestSetup instance at 0x1058ed908>\n\n    @pytest.mark.nondestructive\n    def test_that_verifies_categories_section(self, mozwebqa):\n    \n        home_page = Home(mozwebqa)\n>       home_page.go_to_homepage()\n\ntests/mobile/test_home_page.py:19: \n_ _ _ _ _ _ _ _ _ _ _ _ _ _ _ _ _ _ _ _ _ _ _ _ _ _ _ _ _ _ _ _ _ _ _ _ _ _ _ _ \n\nself = <pages.mobile.home.Home object at 0x1058dc410>\n\n    def go_to_homepage(self):\n        self.selenium.get(self.base_url)\n>       self.wait_for_element_present(*self._featured_section_locator)\n\npages/mobile/home.py:30: \n_ _ _ _ _ _ _ _ _ _ _ _ _ _ _ _ _ _ _ _ _ _ _ _ _ _ _ _ _ _ _ _ _ _ _ _ _ _ _ _ \n\nself = <pages.mobile.home.Home object at 0x1058dc410>\nlocator = ('id', 'featured')\n\n    def wait_for_element_present(self, *locator):\n        \"\"\"Wait for an element to become present.\"\"\"\n        self.selenium.implicitly_wait(0)\n        try:\n            WebDriverWait(self.selenium, 10).until(lambda s: self._selenium_root.find_element(*locator))\n        except TimeoutException:\n>           Assert.fail(TimeoutException)\n\npages/page.py:92: \n_ _ _ _ _ _ _ _ _ _ _ _ _ _ _ _ _ _ _ _ _ _ _ _ _ _ _ _ _ _ _ _ _ _ _ _ _ _ _ _ \n\nself = <class 'unittestzero.Assert'>\nmsg = <class 'selenium.common.exceptions.TimeoutException'>\n\n    @classmethod\n    def fail(self, msg):\n        \"\"\"\n            Raises an assertion error with a message passed in\n    \n            :Args:\n             - Message that will be printed\n            \"\"\"\n>       raise AssertionError(msg)\nE       AssertionError: <class 'selenium.common.exceptions.TimeoutException'>\n\n.env/lib/python2.7/site-packages/unittestzero.py:125: AssertionError"}, {"jobs": ["marketplace.stage.mobile.saucelabs"], "result": "failure", "detail": "test failure: self = <tests.mobile.test_home_page.TestHomepage instance at 0x10b3475f0>\nmozwebqa = <pytest_mozwebqa.pytest_mozwebqa.TestSetup instance at 0x10b372440>\n\n    @pytest.mark.nondestructive\n    def test_that_verifies_categories_section(self, mozwebqa):\n    \n        home_page = Home(mozwebqa)\n>       home_page.go_to_homepage()\n\ntests/mobile/test_home_page.py:19: \n_ _ _ _ _ _ _ _ _ _ _ _ _ _ _ _ _ _ _ _ _ _ _ _ _ _ _ _ _ _ _ _ _ _ _ _ _ _ _ _ \n\nself = <pages.mobile.home.Home object at 0x10b355310>\n\n    def go_to_homepage(self):\n        self.selenium.get(self.base_url)\n>       self.wait_for_element_present(*self._featured_section_locator)\n\npages/mobile/home.py:30: \n_ _ _ _ _ _ _ _ _ _ _ _ _ _ _ _ _ _ _ _ _ _ _ _ _ _ _ _ _ _ _ _ _ _ _ _ _ _ _ _ \n\nself = <pages.mobile.home.Home object at 0x10b355310>\nlocator = ('id', 'featured')\n\n    def wait_for_element_present(self, *locator):\n        \"\"\"Wait for an element to become present.\"\"\"\n        self.selenium.implicitly_wait(0)\n        try:\n            WebDriverWait(self.selenium, 10).until(lambda s: self._selenium_root.find_element(*locator))\n        except TimeoutException:\n>           Assert.fail(TimeoutException)\n\npages/page.py:92: \n_ _ _ _ _ _ _ _ _ _ _ _ _ _ _ _ _ _ _ _ _ _ _ _ _ _ _ _ _ _ _ _ _ _ _ _ _ _ _ _ \n\nself = <class 'unittestzero.Assert'>\nmsg = <class 'selenium.common.exceptions.TimeoutException'>\n\n    @classmethod\n    def fail(self, msg):\n        \"\"\"\n            Raises an assertion error with a message passed in\n    \n            :Args:\n             - Message that will be printed\n            \"\"\"\n>       raise AssertionError(msg)\nE       AssertionError: <class 'selenium.common.exceptions.TimeoutException'>\n\n.env/lib/python2.7/site-packages/unittestzero.py:125: AssertionError"}], "passed": [], "test_name": "test_that_verifies_categories_section"}, {"skipped": {}, "all_passed": false, "environments": ["dev", "prod", "stage"], "path_to_result": "tests.mobile.test_search/TestSearch/test_searching_with_no_matching_results/", "failed": [{"jobs": ["marketplace.dev.mobile.saucelabs"], "result": "failure", "detail": "test failure: self = <tests.mobile.test_search.TestSearch instance at 0x10647fb90>\nmozwebqa = <pytest_mozwebqa.pytest_mozwebqa.TestSetup instance at 0x10647f758>\n\n    @pytest.mark.nondestructive\n    def test_searching_with_no_matching_results(self, mozwebqa):\n        home_page = Home(mozwebqa)\n>       home_page.go_to_homepage()\n\ntests/mobile/test_search.py:65: \n_ _ _ _ _ _ _ _ _ _ _ _ _ _ _ _ _ _ _ _ _ _ _ _ _ _ _ _ _ _ _ _ _ _ _ _ _ _ _ _ \n\nself = <pages.mobile.home.Home object at 0x106426090>\n\n    def go_to_homepage(self):\n        self.selenium.get(self.base_url)\n>       self.wait_for_element_present(*self._featured_section_locator)\n\npages/mobile/home.py:30: \n_ _ _ _ _ _ _ _ _ _ _ _ _ _ _ _ _ _ _ _ _ _ _ _ _ _ _ _ _ _ _ _ _ _ _ _ _ _ _ _ \n\nself = <pages.mobile.home.Home object at 0x106426090>\nlocator = ('id', 'featured')\n\n    def wait_for_element_present(self, *locator):\n        \"\"\"Wait for an element to become present.\"\"\"\n        self.selenium.implicitly_wait(0)\n        try:\n            WebDriverWait(self.selenium, 10).until(lambda s: self._selenium_root.find_element(*locator))\n        except TimeoutException:\n>           Assert.fail(TimeoutException)\n\npages/page.py:92: \n_ _ _ _ _ _ _ _ _ _ _ _ _ _ _ _ _ _ _ _ _ _ _ _ _ _ _ _ _ _ _ _ _ _ _ _ _ _ _ _ \n\nself = <class 'unittestzero.Assert'>\nmsg = <class 'selenium.common.exceptions.TimeoutException'>\n\n    @classmethod\n    def fail(self, msg):\n        \"\"\"\n            Raises an assertion error with a message passed in\n    \n            :Args:\n             - Message that will be printed\n            \"\"\"\n>       raise AssertionError(msg)\nE       AssertionError: <class 'selenium.common.exceptions.TimeoutException'>\n\n.env/lib/python2.7/site-packages/unittestzero.py:125: AssertionError"}, {"jobs": ["marketplace.prod.mobile.saucelabs"], "result": "failure", "detail": "test failure: self = <tests.mobile.test_search.TestSearch instance at 0x111280560>\nmozwebqa = <pytest_mozwebqa.pytest_mozwebqa.TestSetup instance at 0x111280878>\n\n    @pytest.mark.nondestructive\n    def test_searching_with_no_matching_results(self, mozwebqa):\n        home_page = Home(mozwebqa)\n>       home_page.go_to_homepage()\n\ntests/mobile/test_search.py:65: \n_ _ _ _ _ _ _ _ _ _ _ _ _ _ _ _ _ _ _ _ _ _ _ _ _ _ _ _ _ _ _ _ _ _ _ _ _ _ _ _ \n\nself = <pages.mobile.home.Home object at 0x111266c50>\n\n    def go_to_homepage(self):\n        self.selenium.get(self.base_url)\n>       self.wait_for_element_present(*self._featured_section_locator)\n\npages/mobile/home.py:30: \n_ _ _ _ _ _ _ _ _ _ _ _ _ _ _ _ _ _ _ _ _ _ _ _ _ _ _ _ _ _ _ _ _ _ _ _ _ _ _ _ \n\nself = <pages.mobile.home.Home object at 0x111266c50>\nlocator = ('id', 'featured')\n\n    def wait_for_element_present(self, *locator):\n        \"\"\"Wait for an element to become present.\"\"\"\n        self.selenium.implicitly_wait(0)\n        try:\n            WebDriverWait(self.selenium, 10).until(lambda s: self._selenium_root.find_element(*locator))\n        except TimeoutException:\n>           Assert.fail(TimeoutException)\n\npages/page.py:92: \n_ _ _ _ _ _ _ _ _ _ _ _ _ _ _ _ _ _ _ _ _ _ _ _ _ _ _ _ _ _ _ _ _ _ _ _ _ _ _ _ \n\nself = <class 'unittestzero.Assert'>\nmsg = <class 'selenium.common.exceptions.TimeoutException'>\n\n    @classmethod\n    def fail(self, msg):\n        \"\"\"\n            Raises an assertion error with a message passed in\n    \n            :Args:\n             - Message that will be printed\n            \"\"\"\n>       raise AssertionError(msg)\nE       AssertionError: <class 'selenium.common.exceptions.TimeoutException'>\n\n.env/lib/python2.7/site-packages/unittestzero.py:125: AssertionError"}, {"jobs": ["marketplace.stage.mobile.saucelabs"], "result": "failure", "detail": "test failure: self = <tests.mobile.test_search.TestSearch instance at 0x10769a1b8>\nmozwebqa = <pytest_mozwebqa.pytest_mozwebqa.TestSetup instance at 0x1076af440>\n\n    @pytest.mark.nondestructive\n    def test_searching_with_no_matching_results(self, mozwebqa):\n        home_page = Home(mozwebqa)\n>       home_page.go_to_homepage()\n\ntests/mobile/test_search.py:65: \n_ _ _ _ _ _ _ _ _ _ _ _ _ _ _ _ _ _ _ _ _ _ _ _ _ _ _ _ _ _ _ _ _ _ _ _ _ _ _ _ \n\nself = <pages.mobile.home.Home object at 0x10768e5d0>\n\n    def go_to_homepage(self):\n>       self.selenium.get(self.base_url)\n\npages/mobile/home.py:29: \n_ _ _ _ _ _ _ _ _ _ _ _ _ _ _ _ _ _ _ _ _ _ _ _ _ _ _ _ _ _ _ _ _ _ _ _ _ _ _ _ \n\nself = <selenium.webdriver.remote.webdriver.WebDriver object at 0x1075f7d90>\nurl = 'https://marketplace.allizom.org'\n\n    def get(self, url):\n        \"\"\"\n            Loads a web page in the current browser session.\n            \"\"\"\n>       self.execute(Command.GET, {'url': url})\n\n.env/lib/python2.7/site-packages/selenium/webdriver/remote/webdriver.py:185: \n_ _ _ _ _ _ _ _ _ _ _ _ _ _ _ _ _ _ _ _ _ _ _ _ _ _ _ _ _ _ _ _ _ _ _ _ _ _ _ _ \n\nself = <selenium.webdriver.remote.webdriver.WebDriver object at 0x1075f7d90>\ndriver_command = 'get'\nparams = {'sessionId': u'990af0719d914209a1bd5be3fea8107e', 'url': 'https://marketplace.allizom.org'}\n\n    def execute(self, driver_command, params=None):\n        \"\"\"\n            Sends a command to be executed by a command.CommandExecutor.\n    \n            :Args:\n             - driver_command: The name of the command to execute as a string.\n             - params: A dictionary of named parameters to send with the command.\n    \n            :Returns:\n              The command's JSON response loaded into a dictionary object.\n            \"\"\"\n        if self.session_id is not None:\n            if not params:\n                params = {'sessionId': self.session_id}\n            elif 'sessionId' not in params:\n                params['sessionId'] = self.session_id\n    \n        params = self._wrap_value(params)\n        response = self.command_executor.execute(driver_command, params)\n        if response:\n>           self.error_handler.check_response(response)\n\n.env/lib/python2.7/site-packages/selenium/webdriver/remote/webdriver.py:173: \n_ _ _ _ _ _ _ _ _ _ _ _ _ _ _ _ _ _ _ _ _ _ _ _ _ _ _ _ _ _ _ _ _ _ _ _ _ _ _ _ \n\nself = <selenium.webdriver.remote.errorhandler.ErrorHandler object at 0x10768e610>\nresponse = {u'class': u'org.openqa.selenium.remote.Response', u'hCode': 10178156, u'sessionId': u'990af0719d914209a1bd5be3fea8107e', u'state': u'unhandled error', ...}\n\n    def check_response(self, response):\n        \"\"\"\n            Checks that a JSON response from the WebDriver does not have an error.\n    \n            :Args:\n             - response - The JSON response from the WebDriver server as a dictionary\n               object.\n    \n            :Raises: If the response contains an error message.\n            \"\"\"\n        status = response['status']\n        if status == ErrorCode.SUCCESS:\n            return\n        exception_class = ErrorInResponseException\n        if status in ErrorCode.NO_SUCH_ELEMENT:\n            exception_class = NoSuchElementException\n        elif status in ErrorCode.NO_SUCH_FRAME:\n            exception_class = NoSuchFrameException\n        elif status in ErrorCode.NO_SUCH_WINDOW:\n            exception_class = NoSuchWindowException\n        elif status in ErrorCode.STALE_ELEMENT_REFERENCE:\n            exception_class = StaleElementReferenceException\n        elif status in ErrorCode.ELEMENT_NOT_VISIBLE:\n            exception_class = ElementNotVisibleException\n        elif status in ErrorCode.INVALID_ELEMENT_STATE:\n            exception_class = InvalidElementStateException\n        elif status in ErrorCode.INVALID_SELECTOR \\\n                or status in ErrorCode.INVALID_XPATH_SELECTOR \\\n                or status in ErrorCode.INVALID_XPATH_SELECTOR_RETURN_TYPER:\n            exception_class = InvalidSelectorException\n        elif status in ErrorCode.ELEMENT_IS_NOT_SELECTABLE:\n            exception_class = ElementNotSelectableException\n        elif status in ErrorCode.INVALID_COOKIE_DOMAIN:\n            exception_class = WebDriverException\n        elif status in ErrorCode.UNABLE_TO_SET_COOKIE:\n            exception_class = WebDriverException\n        elif status in ErrorCode.TIMEOUT:\n            exception_class = TimeoutException\n        elif status in ErrorCode.SCRIPT_TIMEOUT:\n            exception_class = TimeoutException\n        elif status in ErrorCode.UNKNOWN_ERROR:\n            exception_class = WebDriverException\n        elif status in ErrorCode.UNEXPECTED_ALERT_OPEN:\n            exception_class = UnexpectedAlertPresentException\n        elif status in ErrorCode.NO_ALERT_OPEN:\n            exception_class = NoAlertPresentException\n        elif status in ErrorCode.IME_NOT_AVAILABLE:\n            exception_class = ImeNotAvailableException\n        elif status in ErrorCode.IME_ENGINE_ACTIVATION_FAILED:\n            exception_class = ImeActivationFailedException\n        elif status in ErrorCode.MOVE_TARGET_OUT_OF_BOUNDS:\n            exception_class = MoveTargetOutOfBoundsException\n        else:\n            exception_class = WebDriverException\n        value = response['value']\n        if isinstance(value, basestring):\n            if exception_class == ErrorInResponseException:\n                raise exception_class(response, value)\n            raise exception_class(value)\n        message = ''\n        if 'message' in value:\n            message = value['message']\n    \n        screen = None\n        if 'screen' in value:\n            screen = value['screen']\n    \n        stacktrace = None\n        if 'stackTrace' in value and value['stackTrace']:\n            stacktrace = []\n            try:\n                for frame in value['stackTrace']:\n                    line = self._value_or_default(frame, 'lineNumber', '')\n                    file = self._value_or_default(frame, 'fileName', '<anonymous>')\n                    if line:\n                        file = \"%s:%s\" % (file, line)\n                    meth = self._value_or_default(frame, 'methodName', '<anonymous>')\n                    if 'className' in frame:\n                        meth = \"%s.%s\" % (frame['className'], meth)\n                    msg = \"    at %s (%s)\"\n                    msg = msg % (meth, file)\n                    stacktrace.append(msg)\n            except TypeError:\n                pass\n        if exception_class == ErrorInResponseException:\n            raise exception_class(response, message)\n>       raise exception_class(message, screen, stacktrace)\nE       WebDriverException: Message: u\"Error communicating with the remote browser. It may have died.\\nBuild info: version: '2.39.0', revision: 'ff23eac', time: '2013-12-16 16:11:15'\\nSystem info: host: 'trusty1', ip: '127.0.1.1', os.name: 'Linux', os.arch: 'i386', os.version: '3.13.0-32-generic', java.version: '1.6.0_31'\\nDriver info: driver.version: EventFiringWebDriver\" ; Stacktrace: \nE           at org.openqa.selenium.remote.RemoteWebDriver.execute (RemoteWebDriver.java:548)\nE           at org.openqa.selenium.remote.RemoteWebDriver.get (RemoteWebDriver.java:276)\nE           at sun.reflect.NativeMethodAccessorImpl.invoke0 (NativeMethodAccessorImpl.java:-2)\nE           at sun.reflect.NativeMethodAccessorImpl.invoke (NativeMethodAccessorImpl.java:57)\nE           at sun.reflect.DelegatingMethodAccessorImpl.invoke (DelegatingMethodAccessorImpl.java:43)\nE           at java.lang.reflect.Method.invoke (Method.java:622)\nE           at org.openqa.selenium.support.events.EventFiringWebDriver$2.invoke (EventFiringWebDriver.java:101)\nE           at com.sun.proxy.$Proxy2.get (None:-1)\nE           at org.openqa.selenium.support.events.EventFiringWebDriver.get (EventFiringWebDriver.java:159)\nE           at org.openqa.selenium.remote.server.handler.ChangeUrl.call (ChangeUrl.java:38)\nE           at org.openqa.selenium.remote.server.handler.ChangeUrl.call (ChangeUrl.java:1)\nE           at java.util.concurrent.FutureTask$Sync.innerRun (FutureTask.java:334)\nE           at java.util.concurrent.FutureTask.run (FutureTask.java:166)\nE           at org.openqa.selenium.remote.server.DefaultSession$1.run (DefaultSession.java:170)\nE           at java.util.concurrent.ThreadPoolExecutor.runWorker (ThreadPoolExecutor.java:1146)\nE           at java.util.concurrent.ThreadPoolExecutor$Worker.run (ThreadPoolExecutor.java:615)\nE           at java.lang.Thread.run (Thread.java:701)\n\n.env/lib/python2.7/site-packages/selenium/webdriver/remote/errorhandler.py:164: WebDriverException"}], "passed": [], "test_name": "test_searching_with_no_matching_results"}, {"skipped": {}, "all_passed": false, "environments": ["dev", "prod", "stage"], "path_to_result": "tests.mobile.test_home_page/TestHomepage/test_switch_between_new_and_popular_tab/", "failed": [{"jobs": ["marketplace.dev.mobile.saucelabs"], "result": "failure", "detail": "test failure: self = <tests.mobile.test_home_page.TestHomepage instance at 0x103352b00>\nmozwebqa = <pytest_mozwebqa.pytest_mozwebqa.TestSetup instance at 0x1033520e0>\n\n    @pytest.mark.nondestructive\n    def test_switch_between_new_and_popular_tab(self, mozwebqa):\n        \"\"\"\n            Test to verify functionality for switch between New/Popular Tabs\n            \"\"\"\n        home_page = Home(mozwebqa)\n>       home_page.go_to_homepage()\n\ntests/mobile/test_home_page.py:34: \n_ _ _ _ _ _ _ _ _ _ _ _ _ _ _ _ _ _ _ _ _ _ _ _ _ _ _ _ _ _ _ _ _ _ _ _ _ _ _ _ \n\nself = <pages.mobile.home.Home object at 0x103337550>\n\n    def go_to_homepage(self):\n        self.selenium.get(self.base_url)\n>       self.wait_for_element_present(*self._featured_section_locator)\n\npages/mobile/home.py:30: \n_ _ _ _ _ _ _ _ _ _ _ _ _ _ _ _ _ _ _ _ _ _ _ _ _ _ _ _ _ _ _ _ _ _ _ _ _ _ _ _ \n\nself = <pages.mobile.home.Home object at 0x103337550>\nlocator = ('id', 'featured')\n\n    def wait_for_element_present(self, *locator):\n        \"\"\"Wait for an element to become present.\"\"\"\n        self.selenium.implicitly_wait(0)\n        try:\n            WebDriverWait(self.selenium, 10).until(lambda s: self._selenium_root.find_element(*locator))\n        except TimeoutException:\n>           Assert.fail(TimeoutException)\n\npages/page.py:92: \n_ _ _ _ _ _ _ _ _ _ _ _ _ _ _ _ _ _ _ _ _ _ _ _ _ _ _ _ _ _ _ _ _ _ _ _ _ _ _ _ \n\nself = <class 'unittestzero.Assert'>\nmsg = <class 'selenium.common.exceptions.TimeoutException'>\n\n    @classmethod\n    def fail(self, msg):\n        \"\"\"\n            Raises an assertion error with a message passed in\n    \n            :Args:\n             - Message that will be printed\n            \"\"\"\n>       raise AssertionError(msg)\nE       AssertionError: <class 'selenium.common.exceptions.TimeoutException'>\n\n.env/lib/python2.7/site-packages/unittestzero.py:125: AssertionError"}, {"jobs": ["marketplace.prod.mobile.saucelabs"], "result": "failure", "detail": "test failure: self = <tests.mobile.test_home_page.TestHomepage instance at 0x102e94cb0>\nmozwebqa = <pytest_mozwebqa.pytest_mozwebqa.TestSetup instance at 0x102e9aa28>\n\n    @pytest.mark.nondestructive\n    def test_switch_between_new_and_popular_tab(self, mozwebqa):\n        \"\"\"\n            Test to verify functionality for switch between New/Popular Tabs\n            \"\"\"\n        home_page = Home(mozwebqa)\n>       home_page.go_to_homepage()\n\ntests/mobile/test_home_page.py:34: \n_ _ _ _ _ _ _ _ _ _ _ _ _ _ _ _ _ _ _ _ _ _ _ _ _ _ _ _ _ _ _ _ _ _ _ _ _ _ _ _ \n\nself = <pages.mobile.home.Home object at 0x102e8b410>\n\n    def go_to_homepage(self):\n        self.selenium.get(self.base_url)\n>       self.wait_for_element_present(*self._featured_section_locator)\n\npages/mobile/home.py:30: \n_ _ _ _ _ _ _ _ _ _ _ _ _ _ _ _ _ _ _ _ _ _ _ _ _ _ _ _ _ _ _ _ _ _ _ _ _ _ _ _ \n\nself = <pages.mobile.home.Home object at 0x102e8b410>\nlocator = ('id', 'featured')\n\n    def wait_for_element_present(self, *locator):\n        \"\"\"Wait for an element to become present.\"\"\"\n        self.selenium.implicitly_wait(0)\n        try:\n            WebDriverWait(self.selenium, 10).until(lambda s: self._selenium_root.find_element(*locator))\n        except TimeoutException:\n>           Assert.fail(TimeoutException)\n\npages/page.py:92: \n_ _ _ _ _ _ _ _ _ _ _ _ _ _ _ _ _ _ _ _ _ _ _ _ _ _ _ _ _ _ _ _ _ _ _ _ _ _ _ _ \n\nself = <class 'unittestzero.Assert'>\nmsg = <class 'selenium.common.exceptions.TimeoutException'>\n\n    @classmethod\n    def fail(self, msg):\n        \"\"\"\n            Raises an assertion error with a message passed in\n    \n            :Args:\n             - Message that will be printed\n            \"\"\"\n>       raise AssertionError(msg)\nE       AssertionError: <class 'selenium.common.exceptions.TimeoutException'>\n\n.env/lib/python2.7/site-packages/unittestzero.py:125: AssertionError"}, {"jobs": ["marketplace.stage.mobile.saucelabs"], "result": "failure", "detail": "test failure: self = <tests.mobile.test_home_page.TestHomepage instance at 0x101240950>\nmozwebqa = <pytest_mozwebqa.pytest_mozwebqa.TestSetup instance at 0x10130c758>\n\n    @pytest.mark.nondestructive\n    def test_switch_between_new_and_popular_tab(self, mozwebqa):\n        \"\"\"\n            Test to verify functionality for switch between New/Popular Tabs\n            \"\"\"\n        home_page = Home(mozwebqa)\n>       home_page.go_to_homepage()\n\ntests/mobile/test_home_page.py:34: \n_ _ _ _ _ _ _ _ _ _ _ _ _ _ _ _ _ _ _ _ _ _ _ _ _ _ _ _ _ _ _ _ _ _ _ _ _ _ _ _ \n\nself = <pages.mobile.home.Home object at 0x1012fc410>\n\n    def go_to_homepage(self):\n        self.selenium.get(self.base_url)\n>       self.wait_for_element_present(*self._featured_section_locator)\n\npages/mobile/home.py:30: \n_ _ _ _ _ _ _ _ _ _ _ _ _ _ _ _ _ _ _ _ _ _ _ _ _ _ _ _ _ _ _ _ _ _ _ _ _ _ _ _ \n\nself = <pages.mobile.home.Home object at 0x1012fc410>\nlocator = ('id', 'featured')\n\n    def wait_for_element_present(self, *locator):\n        \"\"\"Wait for an element to become present.\"\"\"\n        self.selenium.implicitly_wait(0)\n        try:\n            WebDriverWait(self.selenium, 10).until(lambda s: self._selenium_root.find_element(*locator))\n        except TimeoutException:\n>           Assert.fail(TimeoutException)\n\npages/page.py:92: \n_ _ _ _ _ _ _ _ _ _ _ _ _ _ _ _ _ _ _ _ _ _ _ _ _ _ _ _ _ _ _ _ _ _ _ _ _ _ _ _ \n\nself = <class 'unittestzero.Assert'>\nmsg = <class 'selenium.common.exceptions.TimeoutException'>\n\n    @classmethod\n    def fail(self, msg):\n        \"\"\"\n            Raises an assertion error with a message passed in\n    \n            :Args:\n             - Message that will be printed\n            \"\"\"\n>       raise AssertionError(msg)\nE       AssertionError: <class 'selenium.common.exceptions.TimeoutException'>\n\n.env/lib/python2.7/site-packages/unittestzero.py:125: AssertionError"}], "passed": [], "test_name": "test_switch_between_new_and_popular_tab"}, {"skipped": {}, "all_passed": false, "environments": ["dev", "prod", "stage"], "path_to_result": "tests.mobile.test_details_page/TestDetails/test_reviews_section/", "failed": [{"jobs": ["marketplace.dev.mobile.saucelabs"], "result": "failure", "detail": "test failure: self = <tests.mobile.test_details_page.TestDetails instance at 0x1096b8758>\nmozwebqa = <pytest_mozwebqa.pytest_mozwebqa.TestSetup instance at 0x1096b8c68>\n\n    @pytest.mark.nondestructive\n    def test_reviews_section(self, mozwebqa):\n        \"\"\"https://moztrap.mozilla.org/runtests/run/243/env/112/ - Verify details page for an app - Reviews section\"\"\"\n        home_page = Home(mozwebqa)\n>       home_page.go_to_homepage()\n\ntests/mobile/test_details_page.py:43: \n_ _ _ _ _ _ _ _ _ _ _ _ _ _ _ _ _ _ _ _ _ _ _ _ _ _ _ _ _ _ _ _ _ _ _ _ _ _ _ _ \n\nself = <pages.mobile.home.Home object at 0x1096bf190>\n\n    def go_to_homepage(self):\n        self.selenium.get(self.base_url)\n>       self.wait_for_element_present(*self._featured_section_locator)\n\npages/mobile/home.py:30: \n_ _ _ _ _ _ _ _ _ _ _ _ _ _ _ _ _ _ _ _ _ _ _ _ _ _ _ _ _ _ _ _ _ _ _ _ _ _ _ _ \n\nself = <pages.mobile.home.Home object at 0x1096bf190>\nlocator = ('id', 'featured')\n\n    def wait_for_element_present(self, *locator):\n        \"\"\"Wait for an element to become present.\"\"\"\n        self.selenium.implicitly_wait(0)\n        try:\n            WebDriverWait(self.selenium, 10).until(lambda s: self._selenium_root.find_element(*locator))\n        except TimeoutException:\n>           Assert.fail(TimeoutException)\n\npages/page.py:92: \n_ _ _ _ _ _ _ _ _ _ _ _ _ _ _ _ _ _ _ _ _ _ _ _ _ _ _ _ _ _ _ _ _ _ _ _ _ _ _ _ \n\nself = <class 'unittestzero.Assert'>\nmsg = <class 'selenium.common.exceptions.TimeoutException'>\n\n    @classmethod\n    def fail(self, msg):\n        \"\"\"\n            Raises an assertion error with a message passed in\n    \n            :Args:\n             - Message that will be printed\n            \"\"\"\n>       raise AssertionError(msg)\nE       AssertionError: <class 'selenium.common.exceptions.TimeoutException'>\n\n.env/lib/python2.7/site-packages/unittestzero.py:125: AssertionError"}, {"jobs": ["marketplace.prod.mobile.saucelabs"], "result": "failure", "detail": "test failure: self = <tests.mobile.test_details_page.TestDetails instance at 0x10aeba518>\nmozwebqa = <pytest_mozwebqa.pytest_mozwebqa.TestSetup instance at 0x10ae87ef0>\n\n    @pytest.mark.nondestructive\n    def test_reviews_section(self, mozwebqa):\n        \"\"\"https://moztrap.mozilla.org/runtests/run/243/env/112/ - Verify details page for an app - Reviews section\"\"\"\n        home_page = Home(mozwebqa)\n>       home_page.go_to_homepage()\n\ntests/mobile/test_details_page.py:43: \n_ _ _ _ _ _ _ _ _ _ _ _ _ _ _ _ _ _ _ _ _ _ _ _ _ _ _ _ _ _ _ _ _ _ _ _ _ _ _ _ \n\nself = <pages.mobile.home.Home object at 0x10c12fe50>\n\n    def go_to_homepage(self):\n        self.selenium.get(self.base_url)\n>       self.wait_for_element_present(*self._featured_section_locator)\n\npages/mobile/home.py:30: \n_ _ _ _ _ _ _ _ _ _ _ _ _ _ _ _ _ _ _ _ _ _ _ _ _ _ _ _ _ _ _ _ _ _ _ _ _ _ _ _ \n\nself = <pages.mobile.home.Home object at 0x10c12fe50>\nlocator = ('id', 'featured')\n\n    def wait_for_element_present(self, *locator):\n        \"\"\"Wait for an element to become present.\"\"\"\n        self.selenium.implicitly_wait(0)\n        try:\n            WebDriverWait(self.selenium, 10).until(lambda s: self._selenium_root.find_element(*locator))\n        except TimeoutException:\n>           Assert.fail(TimeoutException)\n\npages/page.py:92: \n_ _ _ _ _ _ _ _ _ _ _ _ _ _ _ _ _ _ _ _ _ _ _ _ _ _ _ _ _ _ _ _ _ _ _ _ _ _ _ _ \n\nself = <class 'unittestzero.Assert'>\nmsg = <class 'selenium.common.exceptions.TimeoutException'>\n\n    @classmethod\n    def fail(self, msg):\n        \"\"\"\n            Raises an assertion error with a message passed in\n    \n            :Args:\n             - Message that will be printed\n            \"\"\"\n>       raise AssertionError(msg)\nE       AssertionError: <class 'selenium.common.exceptions.TimeoutException'>\n\n.env/lib/python2.7/site-packages/unittestzero.py:125: AssertionError"}, {"jobs": ["marketplace.stage.mobile.saucelabs"], "result": "failure", "detail": "test failure: self = <tests.mobile.test_details_page.TestDetails instance at 0x108206878>\nmozwebqa = <pytest_mozwebqa.pytest_mozwebqa.TestSetup instance at 0x108202440>\n\n    @pytest.mark.nondestructive\n    def test_reviews_section(self, mozwebqa):\n        \"\"\"https://moztrap.mozilla.org/runtests/run/243/env/112/ - Verify details page for an app - Reviews section\"\"\"\n        home_page = Home(mozwebqa)\n>       home_page.go_to_homepage()\n\ntests/mobile/test_details_page.py:43: \n_ _ _ _ _ _ _ _ _ _ _ _ _ _ _ _ _ _ _ _ _ _ _ _ _ _ _ _ _ _ _ _ _ _ _ _ _ _ _ _ \n\nself = <pages.mobile.home.Home object at 0x107194c10>\n\n    def go_to_homepage(self):\n        self.selenium.get(self.base_url)\n>       self.wait_for_element_present(*self._featured_section_locator)\n\npages/mobile/home.py:30: \n_ _ _ _ _ _ _ _ _ _ _ _ _ _ _ _ _ _ _ _ _ _ _ _ _ _ _ _ _ _ _ _ _ _ _ _ _ _ _ _ \n\nself = <pages.mobile.home.Home object at 0x107194c10>\nlocator = ('id', 'featured')\n\n    def wait_for_element_present(self, *locator):\n        \"\"\"Wait for an element to become present.\"\"\"\n        self.selenium.implicitly_wait(0)\n        try:\n            WebDriverWait(self.selenium, 10).until(lambda s: self._selenium_root.find_element(*locator))\n        except TimeoutException:\n>           Assert.fail(TimeoutException)\n\npages/page.py:92: \n_ _ _ _ _ _ _ _ _ _ _ _ _ _ _ _ _ _ _ _ _ _ _ _ _ _ _ _ _ _ _ _ _ _ _ _ _ _ _ _ \n\nself = <class 'unittestzero.Assert'>\nmsg = <class 'selenium.common.exceptions.TimeoutException'>\n\n    @classmethod\n    def fail(self, msg):\n        \"\"\"\n            Raises an assertion error with a message passed in\n    \n            :Args:\n             - Message that will be printed\n            \"\"\"\n>       raise AssertionError(msg)\nE       AssertionError: <class 'selenium.common.exceptions.TimeoutException'>\n\n.env/lib/python2.7/site-packages/unittestzero.py:125: AssertionError"}], "passed": [], "test_name": "test_reviews_section"}, {"skipped": {"jobs": ["marketplace.dev.mobile.saucelabs", "marketplace.prod.mobile.saucelabs", "marketplace.stage.mobile.saucelabs"], "result": "skipped", "detail": "condition: True: /Users/Shared/Jenkins/Home/jobs/marketplace.dev.mobile.saucelabs/workspace/.env/lib/python2.7/site-packages/_pytest/skipping.py:120: Skipped: condition: True"}, "all_passed": true, "environments": ["dev", "prod", "stage"], "path_to_result": "tests.mobile.test_search/TestSearch/test_that_verifies_the_search_suggestions_list_under_the_search_field/", "failed": [], "passed": [], "test_name": "test_that_verifies_the_search_suggestions_list_under_the_search_field"}]}, {"group": "Firefox OS", "test_results": [{"skipped": {}, "all_passed": true, "environments": ["unknown"], "path_to_result": "test_marketplace_add_review/TestMarketplaceAddReview/test_add_review/", "failed": [], "passed": ["b2g.hamachi.mozilla-b2g28_v1_3.v1.3.marketplace"], "test_name": "test_add_review"}, {"skipped": {"jobs": ["b2g.hamachi.mozilla-b2g28_v1_3.v1.3.marketplace"], "result": "skipped", "detail": "test skipped: Traceback (most recent call last):\n  File \"/var/jenkins/workspace/b2g.hamachi.mozilla-b2g28_v1_3.v1.3.marketplace/.env/local/lib/python2.7/site-packages/marionette_client_mozilla_b2g28_v1_3-0.2-py2.7.egg/marionette/marionette_test.py\", line 158, in run\n    testMethod()\n  File \"/var/jenkins/workspace/b2g.hamachi.mozilla-b2g28_v1_3.v1.3.marketplace/marketplacetests/tests/test_marketplace_search_and_install_app.py\", line 27, in test_search_and_install_app\n    self.app_name = marketplace.popular_apps[0].name\n  File \"/var/jenkins/workspace/b2g.hamachi.mozilla-b2g28_v1_3.v1.3.marketplace/marketplacetests/marketplace/app.py\", line 87, in popular_apps\n    self.show_popular_apps()\n  File \"/var/jenkins/workspace/b2g.hamachi.mozilla-b2g28_v1_3.v1.3.marketplace/marketplacetests/marketplace/app.py\", line 128, in show_popular_apps\n    self.marionette.find_element(*self._popular_apps_tab_locator).tap()\n  File \"/var/jenkins/workspace/b2g.hamachi.mozilla-b2g28_v1_3.v1.3.marketplace/.env/local/lib/python2.7/site-packages/marionette_client_mozilla_b2g28_v1_3-0.2-py2.7.egg/marionette/marionette.py\", line 1183, in find_element\n    response = self._send_message('findElement', 'value', **kwargs)\n  File \"/var/jenkins/workspace/b2g.hamachi.mozilla-b2g28_v1_3.v1.3.marketplace/.env/local/lib/python2.7/site-packages/marionette_client_mozilla_b2g28_v1_3-0.2-py2.7.egg/marionette/marionette.py\", line 612, in _send_message\n    self._handle_error(response)\n  File \"/var/jenkins/workspace/b2g.hamachi.mozilla-b2g28_v1_3.v1.3.marketplace/.env/local/lib/python2.7/site-packages/marionette_client_mozilla_b2g28_v1_3-0.2-py2.7.egg/marionette/marionette.py\", line 633, in _handle_error\n    raise NoSuchElementException(message=message, status=status, stacktrace=stacktrace)\nNoSuchElementException: NoSuchElementException: Unable to locate element: #gallery .tabs a:nth-child(1)\n"}, "all_passed": true, "environments": ["unknown"], "path_to_result": "test_marketplace_search_and_install_app/TestSearchMarketplaceAndInstallApp/test_search_and_install_app/", "failed": [], "passed": [], "test_name": "test_search_and_install_app"}, {"skipped": {}, "all_passed": true, "environments": ["unknown"], "path_to_result": "test_marketplace_feedback_login/TestMarketplaceFeedback/test_marketplace_feedback_user/", "failed": [], "passed": ["b2g.hamachi.mozilla-b2g28_v1_3.v1.3.marketplace"], "test_name": "test_marketplace_feedback_user"}, {"skipped": {}, "all_passed": true, "environments": ["unknown"], "path_to_result": "test_marketplace_feedback_anonymous/TestMarketplaceFeedback/test_marketplace_feedback_anonymous/", "failed": [], "passed": ["b2g.hamachi.mozilla-b2g28_v1_3.v1.3.marketplace"], "test_name": "test_marketplace_feedback_anonymous"}, {"skipped": {}, "all_passed": true, "environments": ["unknown"], "path_to_result": "test_marketplace_login/TestMarketplaceLogin/test_login_marketplace/", "failed": [], "passed": ["b2g.hamachi.mozilla-b2g28_v1_3.v1.3.marketplace"], "test_name": "test_login_marketplace"}, {"skipped": {}, "all_passed": true, "environments": ["unknown"], "path_to_result": "test_marketplace_without_connectivity/TestMarketplaceWithoutConnectivity/test_marketplace_without_connectivity/", "failed": [], "passed": ["b2g.hamachi.mozilla-b2g28_v1_3.v1.3.marketplace"], "test_name": "test_marketplace_without_connectivity"}, {"skipped": {"jobs": ["b2g.hamachi.mozilla-b2g28_v1_3.v1.3.marketplace"], "result": "skipped", "detail": "test skipped: Traceback (most recent call last):\n  File \"/var/jenkins/workspace/b2g.hamachi.mozilla-b2g28_v1_3.v1.3.marketplace/.env/local/lib/python2.7/site-packages/marionette_client_mozilla_b2g28_v1_3-0.2-py2.7.egg/marionette/marionette_test.py\", line 158, in run\n    testMethod()\n  File \"/var/jenkins/workspace/b2g.hamachi.mozilla-b2g28_v1_3.v1.3.marketplace/marketplacetests/tests/test_marketplace_purchase_app.py\", line 35, in test_purchase_app\n    payment.create_pin(PIN)\n  File \"/var/jenkins/workspace/b2g.hamachi.mozilla-b2g28_v1_3.v1.3.marketplace/marketplacetests/payment/app.py\", line 41, in create_pin\n    self.wait_for_element_displayed(*self._create_pin_form_locator)\n  File \"/var/jenkins/workspace/b2g.hamachi.mozilla-b2g28_v1_3.v1.3.marketplace/.env/local/lib/python2.7/site-packages/gaiatest_v1.3-0.2-py2.7.egg/gaiatest/apps/base.py\", line 69, in wait_for_element_displayed\n    raise TimeoutException('Element %s not present before timeout' % locator)\nTimeoutException: TimeoutException: Element form[action=\"/mozpay/pin/create\"] not present before timeout\n"}, "all_passed": true, "environments": ["unknown"], "path_to_result": "test_marketplace_purchase_app/TestMarketplacePurchaseApp/test_purchase_app/", "failed": [], "passed": [], "test_name": "test_purchase_app"}, {"skipped": {}, "all_passed": true, "environments": ["unknown"], "path_to_result": "test_marketplace_search_for_paid_app/TestSearchMarketplacePaidApp/test_search_paid_app/", "failed": [], "passed": ["b2g.hamachi.mozilla-b2g28_v1_3.v1.3.marketplace"], "test_name": "test_search_paid_app"}, {"skipped": {"jobs": ["b2g.hamachi.mozilla-b2g28_v1_3.v1.3.marketplace"], "result": "skipped", "detail": "test skipped: Traceback (most recent call last):\n  File \"/var/jenkins/workspace/b2g.hamachi.mozilla-b2g28_v1_3.v1.3.marketplace/.env/local/lib/python2.7/site-packages/marionette_client_mozilla_b2g28_v1_3-0.2-py2.7.egg/marionette/marionette_test.py\", line 158, in run\n    testMethod()\n  File \"/var/jenkins/workspace/b2g.hamachi.mozilla-b2g28_v1_3.v1.3.marketplace/marketplacetests/tests/test_marketplace_create_confirm_pin.py\", line 34, in test_create_confirm_pin\n    payment.create_pin(PIN)\n  File \"/var/jenkins/workspace/b2g.hamachi.mozilla-b2g28_v1_3.v1.3.marketplace/marketplacetests/payment/app.py\", line 41, in create_pin\n    self.wait_for_element_displayed(*self._create_pin_form_locator)\n  File \"/var/jenkins/workspace/b2g.hamachi.mozilla-b2g28_v1_3.v1.3.marketplace/.env/local/lib/python2.7/site-packages/gaiatest_v1.3-0.2-py2.7.egg/gaiatest/apps/base.py\", line 69, in wait_for_element_displayed\n    raise TimeoutException('Element %s not present before timeout' % locator)\nTimeoutException: TimeoutException: Element form[action=\"/mozpay/pin/create\"] not present before timeout\n"}, "all_passed": true, "environments": ["unknown"], "path_to_result": "test_marketplace_create_confirm_pin/TestMarketplaceCreateConfirmPin/test_create_confirm_pin/", "failed": [], "passed": [], "test_name": "test_create_confirm_pin"}]}, {"group": "Desktop", "test_results": [{"skipped": {}, "all_passed": true, "environments": ["dev", "prod", "stage"], "path_to_result": "tests.desktop.consumer_pages.test_details_page/TestDetailsPage/test_that_application_page_contains_proper_objects/", "failed": [], "passed": ["marketplace.dev.saucelabs", "marketplace.prod", "marketplace.stage.saucelabs", "marketplace.prod.saucelabs"], "test_name": "test_that_application_page_contains_proper_objects"}, {"skipped": {"jobs": ["marketplace.prod", "marketplace.prod.saucelabs"], "result": "skipped", "detail": "expected test failure: Bug 1058467 - [prod] Search results are not very exact"}, "all_passed": false, "environments": ["dev", "prod", "stage"], "path_to_result": "tests.desktop.consumer_pages.test_search/TestSearching/test_that_the_search_tag_is_present_in_the_search_results/", "failed": [{"jobs": ["marketplace.dev.saucelabs"], "result": "failure", "detail": "test failure: self = <tests.desktop.consumer_pages.test_search.TestSearching instance at 0x10cee5d88>\nmozwebqa = <pytest_mozwebqa.pytest_mozwebqa.TestSetup instance at 0x10cee5c68>\n\n    @pytest.mark.xfail('\"firefox.com\" in config.getvalue(\"base_url\")',\n                       reason='Bug 1058467 - [prod] Search results are not very exact')\n    @pytest.mark.nondestructive\n    def test_that_the_search_tag_is_present_in_the_search_results(self, mozwebqa):\n    \n        home_page = Home(mozwebqa)\n        home_page.go_to_homepage()\n    \n>       search_term = self._take_first_new_app_name(mozwebqa)\n\ntests/desktop/consumer_pages/test_search.py:44: \n_ _ _ _ _ _ _ _ _ _ _ _ _ _ _ _ _ _ _ _ _ _ _ _ _ _ _ _ _ _ _ _ _ _ _ _ _ _ _ _ \n\nself = <tests.desktop.consumer_pages.test_search.TestSearching instance at 0x10cee5d88>\nmozwebqa = <pytest_mozwebqa.pytest_mozwebqa.TestSetup instance at 0x10cee5c68>\n\n    def _take_first_new_app_name(self, mozwebqa):\n        home_page = Home(mozwebqa)\n>       home_page.click_new_tab()\n\ntests/desktop/consumer_pages/test_search.py:20: \n_ _ _ _ _ _ _ _ _ _ _ _ _ _ _ _ _ _ _ _ _ _ _ _ _ _ _ _ _ _ _ _ _ _ _ _ _ _ _ _ \n\nself = <pages.desktop.consumer_pages.home.Home object at 0x10cee1550>\n\n    def click_new_tab(self):\n>       if 'Home'.upper() == self.selected_tab_text:\n\npages/desktop/consumer_pages/home.py:68: \n_ _ _ _ _ _ _ _ _ _ _ _ _ _ _ _ _ _ _ _ _ _ _ _ _ _ _ _ _ _ _ _ _ _ _ _ _ _ _ _ \n\nself = <pages.desktop.consumer_pages.home.Home object at 0x10cee1550>\n\n    @property\n    def selected_tab_text(self):\n>       return self.find_element(*self._selected_tab_locator).text\n\npages/desktop/consumer_pages/home.py:65: \n_ _ _ _ _ _ _ _ _ _ _ _ _ _ _ _ _ _ _ _ _ _ _ _ _ _ _ _ _ _ _ _ _ _ _ _ _ _ _ _ \n\nself = <pages.desktop.consumer_pages.home.Home object at 0x10cee1550>\nlocator = ('css selector', '.navbar .active')\n\n    def find_element(self, *locator):\n>       return self._selenium_root.find_element(*locator)\n\npages/page.py:137: \n_ _ _ _ _ _ _ _ _ _ _ _ _ _ _ _ _ _ _ _ _ _ _ _ _ _ _ _ _ _ _ _ _ _ _ _ _ _ _ _ \n\nself = <selenium.webdriver.remote.webdriver.WebDriver object at 0x10cf53e50>\nby = 'css selector', value = '.navbar .active'\n\n    def find_element(self, by=By.ID, value=None):\n        \"\"\"\n            'Private' method used by the find_element_by_* methods.\n    \n            :Usage:\n                Use the corresponding find_element_by_* instead of this.\n    \n            :rtype: WebElement\n            \"\"\"\n        if not By.is_valid(by) or not isinstance(value, str):\n            raise InvalidSelectorException(\"Invalid locator values passed in\")\n    \n        return self.execute(Command.FIND_ELEMENT,\n>                            {'using': by, 'value': value})['value']\n\n.env/lib/python2.7/site-packages/selenium/webdriver/remote/webdriver.py:662: \n_ _ _ _ _ _ _ _ _ _ _ _ _ _ _ _ _ _ _ _ _ _ _ _ _ _ _ _ _ _ _ _ _ _ _ _ _ _ _ _ \n\nself = <selenium.webdriver.remote.webdriver.WebDriver object at 0x10cf53e50>\ndriver_command = 'findElement'\nparams = {'sessionId': u'162c150833ed4095ae89bc71f0173267', 'using': 'css selector', 'value': '.navbar .active'}\n\n    def execute(self, driver_command, params=None):\n        \"\"\"\n            Sends a command to be executed by a command.CommandExecutor.\n    \n            :Args:\n             - driver_command: The name of the command to execute as a string.\n             - params: A dictionary of named parameters to send with the command.\n    \n            :Returns:\n              The command's JSON response loaded into a dictionary object.\n            \"\"\"\n        if self.session_id is not None:\n            if not params:\n                params = {'sessionId': self.session_id}\n            elif 'sessionId' not in params:\n                params['sessionId'] = self.session_id\n    \n        params = self._wrap_value(params)\n        response = self.command_executor.execute(driver_command, params)\n        if response:\n>           self.error_handler.check_response(response)\n\n.env/lib/python2.7/site-packages/selenium/webdriver/remote/webdriver.py:173: \n_ _ _ _ _ _ _ _ _ _ _ _ _ _ _ _ _ _ _ _ _ _ _ _ _ _ _ _ _ _ _ _ _ _ _ _ _ _ _ _ \n\nself = <selenium.webdriver.remote.errorhandler.ErrorHandler object at 0x10cf530d0>\nresponse = {u'class': u'org.openqa.selenium.remote.Response', u'hCode': 22498808, u'sessionId': u'162c150833ed4095ae89bc71f0173267', u'state': u'no such element', ...}\n\n    def check_response(self, response):\n        \"\"\"\n            Checks that a JSON response from the WebDriver does not have an error.\n    \n            :Args:\n             - response - The JSON response from the WebDriver server as a dictionary\n               object.\n    \n            :Raises: If the response contains an error message.\n            \"\"\"\n        status = response['status']\n        if status == ErrorCode.SUCCESS:\n            return\n        exception_class = ErrorInResponseException\n        if status in ErrorCode.NO_SUCH_ELEMENT:\n            exception_class = NoSuchElementException\n        elif status in ErrorCode.NO_SUCH_FRAME:\n            exception_class = NoSuchFrameException\n        elif status in ErrorCode.NO_SUCH_WINDOW:\n            exception_class = NoSuchWindowException\n        elif status in ErrorCode.STALE_ELEMENT_REFERENCE:\n            exception_class = StaleElementReferenceException\n        elif status in ErrorCode.ELEMENT_NOT_VISIBLE:\n            exception_class = ElementNotVisibleException\n        elif status in ErrorCode.INVALID_ELEMENT_STATE:\n            exception_class = InvalidElementStateException\n        elif status in ErrorCode.INVALID_SELECTOR \\\n                or status in ErrorCode.INVALID_XPATH_SELECTOR \\\n                or status in ErrorCode.INVALID_XPATH_SELECTOR_RETURN_TYPER:\n            exception_class = InvalidSelectorException\n        elif status in ErrorCode.ELEMENT_IS_NOT_SELECTABLE:\n            exception_class = ElementNotSelectableException\n        elif status in ErrorCode.INVALID_COOKIE_DOMAIN:\n            exception_class = WebDriverException\n        elif status in ErrorCode.UNABLE_TO_SET_COOKIE:\n            exception_class = WebDriverException\n        elif status in ErrorCode.TIMEOUT:\n            exception_class = TimeoutException\n        elif status in ErrorCode.SCRIPT_TIMEOUT:\n            exception_class = TimeoutException\n        elif status in ErrorCode.UNKNOWN_ERROR:\n            exception_class = WebDriverException\n        elif status in ErrorCode.UNEXPECTED_ALERT_OPEN:\n            exception_class = UnexpectedAlertPresentException\n        elif status in ErrorCode.NO_ALERT_OPEN:\n            exception_class = NoAlertPresentException\n        elif status in ErrorCode.IME_NOT_AVAILABLE:\n            exception_class = ImeNotAvailableException\n        elif status in ErrorCode.IME_ENGINE_ACTIVATION_FAILED:\n            exception_class = ImeActivationFailedException\n        elif status in ErrorCode.MOVE_TARGET_OUT_OF_BOUNDS:\n            exception_class = MoveTargetOutOfBoundsException\n        else:\n            exception_class = WebDriverException\n        value = response['value']\n        if isinstance(value, basestring):\n            if exception_class == ErrorInResponseException:\n                raise exception_class(response, value)\n            raise exception_class(value)\n        message = ''\n        if 'message' in value:\n            message = value['message']\n    \n        screen = None\n        if 'screen' in value:\n            screen = value['screen']\n    \n        stacktrace = None\n        if 'stackTrace' in value and value['stackTrace']:\n            stacktrace = []\n            try:\n                for frame in value['stackTrace']:\n                    line = self._value_or_default(frame, 'lineNumber', '')\n                    file = self._value_or_default(frame, 'fileName', '<anonymous>')\n                    if line:\n                        file = \"%s:%s\" % (file, line)\n                    meth = self._value_or_default(frame, 'methodName', '<anonymous>')\n                    if 'className' in frame:\n                        meth = \"%s.%s\" % (frame['className'], meth)\n                    msg = \"    at %s (%s)\"\n                    msg = msg % (meth, file)\n                    stacktrace.append(msg)\n            except TypeError:\n                pass\n        if exception_class == ErrorInResponseException:\n            raise exception_class(response, message)\n>       raise exception_class(message, screen, stacktrace)\nE       NoSuchElementException: Message: u'Unable to locate element: {\"method\":\"css selector\",\"selector\":\".navbar .active\"}\\nCommand duration or timeout: 10.04 seconds\\nFor documentation on this error, please visit: http://seleniumhq.org/exceptions/no_such_element.html\\nBuild info: version: \\'2.41.0\\', revision: \\'3192d8a\\', time: \\'2014-03-27 17:17:32\\'\\nSystem info: host: \\'WIN-R1JBAO1CNPS\\', ip: \\'172.20.33.233\\', os.name: \\'Windows Server 2008 R2\\', os.arch: \\'x86\\', os.version: \\'6.1\\', java.version: \\'1.7.0_60\\'\\nSession ID: a3e231c5-5bb7-49f8-a147-feb5c930bdde\\nDriver info: org.openqa.selenium.firefox.FirefoxDriver\\nCapabilities [{platform=XP, acceptSslCerts=true, javascriptEnabled=true, cssSelectorsEnabled=true, databaseEnabled=true, browserName=firefox, handlesAlerts=true, browserConnectionEnabled=true, webStorageEnabled=true, nativeEvents=true, rotatable=false, locationContextEnabled=true, applicationCacheEnabled=true, takesScreenshot=true, version=28.0}]' ; Stacktrace: \nE           at sun.reflect.NativeConstructorAccessorImpl.newInstance0 (None:-2)\nE           at sun.reflect.NativeConstructorAccessorImpl.newInstance (None:-1)\nE           at sun.reflect.DelegatingConstructorAccessorImpl.newInstance (None:-1)\nE           at java.lang.reflect.Constructor.newInstance (None:-1)\nE           at org.openqa.selenium.remote.ErrorHandler.createThrowable (ErrorHandler.java:193)\nE           at org.openqa.selenium.remote.ErrorHandler.throwIfResponseFailed (ErrorHandler.java:145)\nE           at org.openqa.selenium.remote.RemoteWebDriver.execute (RemoteWebDriver.java:595)\nE           at org.openqa.selenium.remote.RemoteWebDriver.findElement (RemoteWebDriver.java:348)\nE           at org.openqa.selenium.remote.RemoteWebDriver.findElementByCssSelector (RemoteWebDriver.java:437)\nE           at org.openqa.selenium.By$ByCssSelector.findElement (By.java:426)\nE           at org.openqa.selenium.remote.RemoteWebDriver.findElement (RemoteWebDriver.java:340)\nE           at sun.reflect.NativeMethodAccessorImpl.invoke0 (None:-2)\nE           at sun.reflect.NativeMethodAccessorImpl.invoke (None:-1)\nE           at sun.reflect.DelegatingMethodAccessorImpl.invoke (None:-1)\nE           at java.lang.reflect.Method.invoke (None:-1)\nE           at org.openqa.selenium.support.events.EventFiringWebDriver$2.invoke (EventFiringWebDriver.java:101)\nE           at com.sun.proxy.$Proxy2.findElement (None:-1)\nE           at org.openqa.selenium.support.events.EventFiringWebDriver.findElement (EventFiringWebDriver.java:184)\nE           at org.openqa.selenium.remote.server.handler.FindElement.call (FindElement.java:47)\nE           at org.openqa.selenium.remote.server.handler.FindElement.call (FindElement.java:1)\nE           at java.util.concurrent.FutureTask.run (None:-1)\nE           at org.openqa.selenium.remote.server.DefaultSession$1.run (DefaultSession.java:170)\nE           at java.util.concurrent.ThreadPoolExecutor.runWorker (None:-1)\nE           at java.util.concurrent.ThreadPoolExecutor$Worker.run (None:-1)\nE           at java.lang.Thread.run (None:-1)\n\n.env/lib/python2.7/site-packages/selenium/webdriver/remote/errorhandler.py:164: NoSuchElementException"}], "passed": ["marketplace.stage.saucelabs"], "test_name": "test_that_the_search_tag_is_present_in_the_search_results"}, {"skipped": {}, "all_passed": true, "environments": ["stage", "dev"], "path_to_result": "tests.desktop.developer_hub.test_developer_hub/TestDeveloperHub/test_that_checks_apps_are_sorted_by_date/", "failed": [], "passed": ["marketplace.stage.developer_hub.saucelabs", "marketplace.dev.developer_hub", "marketplace.dev.developer_hub.saucelabs"], "test_name": "test_that_checks_apps_are_sorted_by_date"}, {"skipped": {}, "all_passed": true, "environments": ["stage", "dev"], "path_to_result": "tests.desktop.developer_hub.test_developer_hub/TestDeveloperHub/test_that_checks_editing_basic_info_for_a_free_app/", "failed": [], "passed": ["marketplace.stage.developer_hub.saucelabs", "marketplace.dev.developer_hub", "marketplace.dev.developer_hub.saucelabs"], "test_name": "test_that_checks_editing_basic_info_for_a_free_app"}, {"skipped": {"jobs": ["marketplace.dev.saucelabs", "marketplace.stage.saucelabs"], "result": "skipped", "detail": "We currently don't have the option for changing the language in Fireplace: /Users/Shared/Jenkins/Home/jobs/marketplace.dev.saucelabs/workspace/tests/desktop/consumer_pages/test_users_account.py:76: Skipped: We currently don't have the option for changing the language in Fireplace"}, "all_passed": true, "environments": ["dev", "stage"], "path_to_result": "tests.desktop.consumer_pages.test_users_account/TestAccounts/test_that_checks_changing_language/", "failed": [], "passed": [], "test_name": "test_that_checks_changing_language"}, {"skipped": {}, "all_passed": true, "environments": ["dev", "prod", "stage"], "path_to_result": "tests.desktop.consumer_pages.test_consumers_page/TestConsumerPage/test_opening_every_category_page_from_categories_menu/", "failed": [], "passed": ["marketplace.dev.saucelabs", "marketplace.prod", "marketplace.stage.saucelabs", "marketplace.prod.saucelabs"], "test_name": "test_opening_every_category_page_from_categories_menu"}, {"skipped": {}, "all_passed": true, "environments": ["dev", "stage"], "path_to_result": "tests.desktop.consumer_pages.test_users_account/TestAccounts/test_editing_user_profile/", "failed": [], "passed": ["marketplace.dev.saucelabs", "marketplace.stage.saucelabs"], "test_name": "test_editing_user_profile"}, {"skipped": {}, "all_passed": true, "environments": ["stage", "dev"], "path_to_result": "tests.desktop.developer_hub.test_developer_hub_submit_apps/TestDeveloperHubSubmitApps/test_hosted_app_submission/", "failed": [], "passed": ["marketplace.stage.developer_hub.saucelabs", "marketplace.dev.developer_hub", "marketplace.dev.developer_hub.saucelabs"], "test_name": "test_hosted_app_submission"}, {"skipped": {}, "all_passed": true, "environments": ["dev", "prod", "stage"], "path_to_result": "tests.desktop.consumer_pages.test_users_account/TestAccounts/test_user_can_sign_in_and_sign_out_in_consumer_pages/", "failed": [], "passed": ["marketplace.dev.saucelabs", "marketplace.prod", "marketplace.stage.saucelabs", "marketplace.prod.saucelabs"], "test_name": "test_user_can_sign_in_and_sign_out_in_consumer_pages"}, {"skipped": {}, "all_passed": true, "environments": ["dev", "stage"], "path_to_result": "tests.desktop.consumer_pages.test_details_page/TestDetailsPage/test_that_reports_abuse_as_anonymous_user/", "failed": [], "passed": ["marketplace.dev.saucelabs", "marketplace.stage.saucelabs"], "test_name": "test_that_reports_abuse_as_anonymous_user"}, {"skipped": {}, "all_passed": false, "environments": ["stage", "dev"], "path_to_result": "tests.desktop.developer_hub.test_api_submit/TestAPI/test_assert_that_a_app_can_be_added_and_deleted_via_the_api/", "failed": [{"jobs": ["marketplace.stage.developer_hub.saucelabs"], "result": "failure", "detail": "test failure: self = <tests.desktop.developer_hub.test_api_submit.TestAPI instance at 0x10e35ad40>\nmozwebqa_devhub_logged_in = <pytest_mozwebqa.pytest_mozwebqa.TestSetup instance at 0x10e35d0e0>\n\n    @pytest.mark.credentials\n    def test_assert_that_a_app_can_be_added_and_deleted_via_the_api(self, mozwebqa_devhub_logged_in):\n        mock_app = MockApplication()  # generate mock app\n    \n        # init API client\n        mk_api = MarketplaceAPI.get_client(mozwebqa_devhub_logged_in.base_url,\n                                           mozwebqa_devhub_logged_in.credentials)\n    \n        mk_api.submit_app(mock_app)  # submit app\n    \n        app_status = mk_api.app_status(mock_app)  # get app data from API\n    \n        # check that app is pending\n>       Assert.equal(2, app_status['status'])\n\ntests/desktop/developer_hub/test_api_submit.py:31: \n_ _ _ _ _ _ _ _ _ _ _ _ _ _ _ _ _ _ _ _ _ _ _ _ _ _ _ _ _ _ _ _ _ _ _ _ _ _ _ _ \n\nself = <class 'unittestzero.Assert'>, first = 2, second = 0, msg = None\n\n    @classmethod\n    def equal(self, first, second, msg=None):\n        \"\"\"\n            Asserts that 2 elements are the same\n    \n            :Args:\n             - First object to be tested\n             - Second object to be tested\n             - Message that will be printed if it fails\n            \"\"\"\n>       assert first == second, msg\nE       AssertionError: None\n\n.env/lib/python2.7/site-packages/unittestzero.py:55: AssertionError"}], "passed": ["marketplace.dev.developer_hub", "marketplace.dev.developer_hub.saucelabs"], "test_name": "test_assert_that_a_app_can_be_added_and_deleted_via_the_api"}, {"skipped": {}, "all_passed": true, "environments": ["dev", "prod", "stage"], "path_to_result": "tests.desktop.consumer_pages.test_consumers_page/TestConsumerPage/test_that_header_has_expected_items/", "failed": [], "passed": ["marketplace.dev.saucelabs", "marketplace.prod", "marketplace.stage.saucelabs", "marketplace.prod.saucelabs"], "test_name": "test_that_header_has_expected_items"}, {"skipped": {}, "all_passed": true, "environments": ["stage", "dev"], "path_to_result": "tests.desktop.developer_hub.test_developer_hub/TestDeveloperHub/test_that_a_screenshot_cannot_be_added_via_an_invalid_file_format/", "failed": [], "passed": ["marketplace.stage.developer_hub.saucelabs", "marketplace.dev.developer_hub", "marketplace.dev.developer_hub.saucelabs"], "test_name": "test_that_a_screenshot_cannot_be_added_via_an_invalid_file_format"}, {"skipped": {"jobs": ["marketplace.dev.saucelabs", "marketplace.stage.saucelabs"], "result": "skipped", "detail": "Purchase app option is currently not available for desktop environment: /Users/Shared/Jenkins/Home/jobs/marketplace.dev.saucelabs/workspace/.env/lib/python2.7/site-packages/_pytest/skipping.py:120: Skipped: Purchase app option is currently not available for desktop environment"}, "all_passed": true, "environments": ["dev", "stage"], "path_to_result": "tests.desktop.consumer_pages.test_purchase_app/TestPurchaseApp/test_that_purchases_an_app_without_pre_auth_and_requests_a_refund/", "failed": [], "passed": [], "test_name": "test_that_purchases_an_app_without_pre_auth_and_requests_a_refund"}, {"skipped": {}, "all_passed": true, "environments": ["dev", "stage"], "path_to_result": "tests.desktop.consumer_pages.test_reviews/TestReviews/test_that_checks_the_deletion_of_a_review/", "failed": [], "passed": ["marketplace.dev.saucelabs", "marketplace.stage.saucelabs"], "test_name": "test_that_checks_the_deletion_of_a_review"}, {"skipped": {}, "all_passed": true, "environments": ["stage", "dev"], "path_to_result": "tests.desktop.developer_hub.test_developer_hub/TestDeveloperHub/test_that_checks_editing_support_information_for_a_free_app/", "failed": [], "passed": ["marketplace.stage.developer_hub.saucelabs", "marketplace.dev.developer_hub", "marketplace.dev.developer_hub.saucelabs"], "test_name": "test_that_checks_editing_support_information_for_a_free_app"}, {"skipped": {}, "all_passed": true, "environments": ["dev", "stage"], "path_to_result": "tests.desktop.consumer_pages.test_reviews/TestReviews/test_that_checks_the_editing_of_a_review/", "failed": [], "passed": ["marketplace.dev.saucelabs", "marketplace.stage.saucelabs"], "test_name": "test_that_checks_the_editing_of_a_review"}, {"skipped": {}, "all_passed": true, "environments": ["stage", "dev"], "path_to_result": "tests.desktop.developer_hub.test_developer_hub/TestDeveloperHub/test_that_deletes_app/", "failed": [], "passed": ["marketplace.stage.developer_hub.saucelabs", "marketplace.dev.developer_hub", "marketplace.dev.developer_hub.saucelabs"], "test_name": "test_that_deletes_app"}, {"skipped": {}, "all_passed": true, "environments": ["stage", "dev"], "path_to_result": "tests.desktop.developer_hub.test_developer_hub/TestDeveloperHub/test_that_checks_required_field_validations_on_basic_info_for_a_free_app/", "failed": [], "passed": ["marketplace.stage.developer_hub.saucelabs", "marketplace.dev.developer_hub", "marketplace.dev.developer_hub.saucelabs"], "test_name": "test_that_checks_required_field_validations_on_basic_info_for_a_free_app"}, {"skipped": {"jobs": ["marketplace.stage.developer_hub.saucelabs", "marketplace.dev.developer_hub", "marketplace.dev.developer_hub.saucelabs"], "result": "skipped", "detail": "xfail-marked test passes unexpectedly: None"}, "all_passed": true, "environments": ["stage", "dev"], "path_to_result": "tests.desktop.developer_hub.test_developer_hub/TestDeveloperHub/test_that_a_screenshot_can_be_added/", "failed": [], "passed": [], "test_name": "test_that_a_screenshot_can_be_added"}, {"skipped": {}, "all_passed": true, "environments": ["dev", "prod", "stage"], "path_to_result": "tests.desktop.consumer_pages.test_search/TestSearching/test_that_checks_search_with_foreign_characters/", "failed": [], "passed": ["marketplace.dev.saucelabs", "marketplace.prod", "marketplace.stage.saucelabs", "marketplace.prod.saucelabs"], "test_name": "test_that_checks_search_with_foreign_characters"}, {"skipped": {}, "all_passed": true, "environments": ["dev", "stage"], "path_to_result": "tests.desktop.consumer_pages.test_users_account/TestAccounts/test_create_new_user/", "failed": [], "passed": ["marketplace.dev.saucelabs", "marketplace.stage.saucelabs"], "test_name": "test_create_new_user"}, {"skipped": {}, "all_passed": true, "environments": ["stage", "dev"], "path_to_result": "tests.desktop.developer_hub.test_developer_hub/TestDeveloperHub/test_that_checks_required_field_validations_on_device_types_for_hosted_apps/", "failed": [], "passed": ["marketplace.stage.developer_hub.saucelabs", "marketplace.dev.developer_hub", "marketplace.dev.developer_hub.saucelabs"], "test_name": "test_that_checks_required_field_validations_on_device_types_for_hosted_apps"}, {"skipped": {}, "all_passed": true, "environments": ["dev", "prod", "stage"], "path_to_result": "tests.desktop.consumer_pages.test_search/TestSearching/test_that_searching_with_empty_field_using_submit_returns_results/", "failed": [], "passed": ["marketplace.dev.saucelabs", "marketplace.prod", "marketplace.stage.saucelabs", "marketplace.prod.saucelabs"], "test_name": "test_that_searching_with_empty_field_using_submit_returns_results"}, {"skipped": {"jobs": ["marketplace.dev.saucelabs", "marketplace.prod", "marketplace.stage.saucelabs", "marketplace.prod.saucelabs"], "result": "skipped", "detail": "Sort not available yet.: /Users/Shared/Jenkins/Home/jobs/marketplace.dev.saucelabs/workspace/.env/lib/python2.7/site-packages/_pytest/skipping.py:120: Skipped: Sort not available yet."}, "all_passed": true, "environments": ["dev", "prod", "stage"], "path_to_result": "tests.desktop.consumer_pages.test_search/TestSearching/test_that_verifies_the_sort_region_from_search_results[Rating]/", "failed": [], "passed": [], "test_name": "test_that_verifies_the_sort_region_from_search_results[Rating]"}, {"skipped": {}, "all_passed": true, "environments": ["dev", "stage"], "path_to_result": "tests.desktop.consumer_pages.test_details_page/TestDetailsPage/test_that_reports_abuse_as_signed_in_user/", "failed": [], "passed": ["marketplace.dev.saucelabs", "marketplace.stage.saucelabs"], "test_name": "test_that_reports_abuse_as_signed_in_user"}, {"skipped": {}, "all_passed": true, "environments": ["stage", "dev"], "path_to_result": "tests.desktop.developer_hub.test_developer_hub/TestDeveloperHub/test_that_an_icon_cannot_be_added_via_an_invalid_file_format/", "failed": [], "passed": ["marketplace.stage.developer_hub.saucelabs", "marketplace.dev.developer_hub", "marketplace.dev.developer_hub.saucelabs"], "test_name": "test_that_an_icon_cannot_be_added_via_an_invalid_file_format"}, {"skipped": {}, "all_passed": true, "environments": ["dev", "stage"], "path_to_result": "tests.desktop.consumer_pages.test_reviews/TestReviews/test_that_checks_the_addition_of_a_review/", "failed": [], "passed": ["marketplace.dev.saucelabs", "marketplace.stage.saucelabs"], "test_name": "test_that_checks_the_addition_of_a_review"}, {"skipped": {}, "all_passed": true, "environments": ["stage", "dev"], "path_to_result": "tests.desktop.developer_hub.test_developer_hub_submit_apps/TestDeveloperHubSubmitApps/test_packaged_app_submission/", "failed": [], "passed": ["marketplace.stage.developer_hub.saucelabs", "marketplace.dev.developer_hub", "marketplace.dev.developer_hub.saucelabs"], "test_name": "test_packaged_app_submission"}, {"skipped": {}, "all_passed": false, "environments": ["dev", "prod", "stage"], "path_to_result": "tests.desktop.consumer_pages.test_consumers_page/TestConsumerPage/test_that_verifies_nav_menu_tabs/", "failed": [{"jobs": ["marketplace.dev.saucelabs"], "result": "failure", "detail": "test failure: self = <tests.desktop.consumer_pages.test_consumers_page.TestConsumerPage instance at 0x103021878>\nmozwebqa = <pytest_mozwebqa.pytest_mozwebqa.TestSetup instance at 0x103021b90>\n\n    @pytest.mark.nondestructive\n    def test_that_verifies_nav_menu_tabs(self, mozwebqa):\n    \n        home_page = Home(mozwebqa)\n        home_page.go_to_homepage()\n    \n>       Assert.true('Home'.upper() in home_page.selected_tab_text)\n\ntests/desktop/consumer_pages/test_consumers_page.py:61: \n_ _ _ _ _ _ _ _ _ _ _ _ _ _ _ _ _ _ _ _ _ _ _ _ _ _ _ _ _ _ _ _ _ _ _ _ _ _ _ _ \n\nself = <pages.desktop.consumer_pages.home.Home object at 0x101f34250>\n\n    @property\n    def selected_tab_text(self):\n>       return self.find_element(*self._selected_tab_locator).text\n\npages/desktop/consumer_pages/home.py:65: \n_ _ _ _ _ _ _ _ _ _ _ _ _ _ _ _ _ _ _ _ _ _ _ _ _ _ _ _ _ _ _ _ _ _ _ _ _ _ _ _ \n\nself = <pages.desktop.consumer_pages.home.Home object at 0x101f34250>\nlocator = ('css selector', '.navbar .active')\n\n    def find_element(self, *locator):\n>       return self._selenium_root.find_element(*locator)\n\npages/page.py:137: \n_ _ _ _ _ _ _ _ _ _ _ _ _ _ _ _ _ _ _ _ _ _ _ _ _ _ _ _ _ _ _ _ _ _ _ _ _ _ _ _ \n\nself = <selenium.webdriver.remote.webdriver.WebDriver object at 0x101f34cd0>\nby = 'css selector', value = '.navbar .active'\n\n    def find_element(self, by=By.ID, value=None):\n        \"\"\"\n            'Private' method used by the find_element_by_* methods.\n    \n            :Usage:\n                Use the corresponding find_element_by_* instead of this.\n    \n            :rtype: WebElement\n            \"\"\"\n        if not By.is_valid(by) or not isinstance(value, str):\n            raise InvalidSelectorException(\"Invalid locator values passed in\")\n    \n        return self.execute(Command.FIND_ELEMENT,\n>                            {'using': by, 'value': value})['value']\n\n.env/lib/python2.7/site-packages/selenium/webdriver/remote/webdriver.py:662: \n_ _ _ _ _ _ _ _ _ _ _ _ _ _ _ _ _ _ _ _ _ _ _ _ _ _ _ _ _ _ _ _ _ _ _ _ _ _ _ _ \n\nself = <selenium.webdriver.remote.webdriver.WebDriver object at 0x101f34cd0>\ndriver_command = 'findElement'\nparams = {'sessionId': u'da469d58786e4c6aaac527f303e11f29', 'using': 'css selector', 'value': '.navbar .active'}\n\n    def execute(self, driver_command, params=None):\n        \"\"\"\n            Sends a command to be executed by a command.CommandExecutor.\n    \n            :Args:\n             - driver_command: The name of the command to execute as a string.\n             - params: A dictionary of named parameters to send with the command.\n    \n            :Returns:\n              The command's JSON response loaded into a dictionary object.\n            \"\"\"\n        if self.session_id is not None:\n            if not params:\n                params = {'sessionId': self.session_id}\n            elif 'sessionId' not in params:\n                params['sessionId'] = self.session_id\n    \n        params = self._wrap_value(params)\n        response = self.command_executor.execute(driver_command, params)\n        if response:\n>           self.error_handler.check_response(response)\n\n.env/lib/python2.7/site-packages/selenium/webdriver/remote/webdriver.py:173: \n_ _ _ _ _ _ _ _ _ _ _ _ _ _ _ _ _ _ _ _ _ _ _ _ _ _ _ _ _ _ _ _ _ _ _ _ _ _ _ _ \n\nself = <selenium.webdriver.remote.errorhandler.ErrorHandler object at 0x101f34150>\nresponse = {u'class': u'org.openqa.selenium.remote.Response', u'hCode': 2256020, u'sessionId': u'da469d58786e4c6aaac527f303e11f29', u'state': u'no such element', ...}\n\n    def check_response(self, response):\n        \"\"\"\n            Checks that a JSON response from the WebDriver does not have an error.\n    \n            :Args:\n             - response - The JSON response from the WebDriver server as a dictionary\n               object.\n    \n            :Raises: If the response contains an error message.\n            \"\"\"\n        status = response['status']\n        if status == ErrorCode.SUCCESS:\n            return\n        exception_class = ErrorInResponseException\n        if status in ErrorCode.NO_SUCH_ELEMENT:\n            exception_class = NoSuchElementException\n        elif status in ErrorCode.NO_SUCH_FRAME:\n            exception_class = NoSuchFrameException\n        elif status in ErrorCode.NO_SUCH_WINDOW:\n            exception_class = NoSuchWindowException\n        elif status in ErrorCode.STALE_ELEMENT_REFERENCE:\n            exception_class = StaleElementReferenceException\n        elif status in ErrorCode.ELEMENT_NOT_VISIBLE:\n            exception_class = ElementNotVisibleException\n        elif status in ErrorCode.INVALID_ELEMENT_STATE:\n            exception_class = InvalidElementStateException\n        elif status in ErrorCode.INVALID_SELECTOR \\\n                or status in ErrorCode.INVALID_XPATH_SELECTOR \\\n                or status in ErrorCode.INVALID_XPATH_SELECTOR_RETURN_TYPER:\n            exception_class = InvalidSelectorException\n        elif status in ErrorCode.ELEMENT_IS_NOT_SELECTABLE:\n            exception_class = ElementNotSelectableException\n        elif status in ErrorCode.INVALID_COOKIE_DOMAIN:\n            exception_class = WebDriverException\n        elif status in ErrorCode.UNABLE_TO_SET_COOKIE:\n            exception_class = WebDriverException\n        elif status in ErrorCode.TIMEOUT:\n            exception_class = TimeoutException\n        elif status in ErrorCode.SCRIPT_TIMEOUT:\n            exception_class = TimeoutException\n        elif status in ErrorCode.UNKNOWN_ERROR:\n            exception_class = WebDriverException\n        elif status in ErrorCode.UNEXPECTED_ALERT_OPEN:\n            exception_class = UnexpectedAlertPresentException\n        elif status in ErrorCode.NO_ALERT_OPEN:\n            exception_class = NoAlertPresentException\n        elif status in ErrorCode.IME_NOT_AVAILABLE:\n            exception_class = ImeNotAvailableException\n        elif status in ErrorCode.IME_ENGINE_ACTIVATION_FAILED:\n            exception_class = ImeActivationFailedException\n        elif status in ErrorCode.MOVE_TARGET_OUT_OF_BOUNDS:\n            exception_class = MoveTargetOutOfBoundsException\n        else:\n            exception_class = WebDriverException\n        value = response['value']\n        if isinstance(value, basestring):\n            if exception_class == ErrorInResponseException:\n                raise exception_class(response, value)\n            raise exception_class(value)\n        message = ''\n        if 'message' in value:\n            message = value['message']\n    \n        screen = None\n        if 'screen' in value:\n            screen = value['screen']\n    \n        stacktrace = None\n        if 'stackTrace' in value and value['stackTrace']:\n            stacktrace = []\n            try:\n                for frame in value['stackTrace']:\n                    line = self._value_or_default(frame, 'lineNumber', '')\n                    file = self._value_or_default(frame, 'fileName', '<anonymous>')\n                    if line:\n                        file = \"%s:%s\" % (file, line)\n                    meth = self._value_or_default(frame, 'methodName', '<anonymous>')\n                    if 'className' in frame:\n                        meth = \"%s.%s\" % (frame['className'], meth)\n                    msg = \"    at %s (%s)\"\n                    msg = msg % (meth, file)\n                    stacktrace.append(msg)\n            except TypeError:\n                pass\n        if exception_class == ErrorInResponseException:\n            raise exception_class(response, message)\n>       raise exception_class(message, screen, stacktrace)\nE       NoSuchElementException: Message: u'Unable to locate element: {\"method\":\"css selector\",\"selector\":\".navbar .active\"}\\nCommand duration or timeout: 10.08 seconds\\nFor documentation on this error, please visit: http://seleniumhq.org/exceptions/no_such_element.html\\nBuild info: version: \\'2.41.0\\', revision: \\'3192d8a\\', time: \\'2014-03-27 17:17:32\\'\\nSystem info: host: \\'WIN-R1JBAO1CNPS\\', ip: \\'172.20.39.208\\', os.name: \\'Windows Server 2008 R2\\', os.arch: \\'x86\\', os.version: \\'6.1\\', java.version: \\'1.7.0_60\\'\\nSession ID: 967a9833-6293-41cb-bf50-15a74e426990\\nDriver info: org.openqa.selenium.firefox.FirefoxDriver\\nCapabilities [{platform=XP, acceptSslCerts=true, javascriptEnabled=true, cssSelectorsEnabled=true, databaseEnabled=true, browserName=firefox, handlesAlerts=true, browserConnectionEnabled=true, webStorageEnabled=true, nativeEvents=true, rotatable=false, locationContextEnabled=true, applicationCacheEnabled=true, takesScreenshot=true, version=28.0}]' ; Stacktrace: \nE           at sun.reflect.NativeConstructorAccessorImpl.newInstance0 (None:-2)\nE           at sun.reflect.NativeConstructorAccessorImpl.newInstance (None:-1)\nE           at sun.reflect.DelegatingConstructorAccessorImpl.newInstance (None:-1)\nE           at java.lang.reflect.Constructor.newInstance (None:-1)\nE           at org.openqa.selenium.remote.ErrorHandler.createThrowable (ErrorHandler.java:193)\nE           at org.openqa.selenium.remote.ErrorHandler.throwIfResponseFailed (ErrorHandler.java:145)\nE           at org.openqa.selenium.remote.RemoteWebDriver.execute (RemoteWebDriver.java:595)\nE           at org.openqa.selenium.remote.RemoteWebDriver.findElement (RemoteWebDriver.java:348)\nE           at org.openqa.selenium.remote.RemoteWebDriver.findElementByCssSelector (RemoteWebDriver.java:437)\nE           at org.openqa.selenium.By$ByCssSelector.findElement (By.java:426)\nE           at org.openqa.selenium.remote.RemoteWebDriver.findElement (RemoteWebDriver.java:340)\nE           at sun.reflect.NativeMethodAccessorImpl.invoke0 (None:-2)\nE           at sun.reflect.NativeMethodAccessorImpl.invoke (None:-1)\nE           at sun.reflect.DelegatingMethodAccessorImpl.invoke (None:-1)\nE           at java.lang.reflect.Method.invoke (None:-1)\nE           at org.openqa.selenium.support.events.EventFiringWebDriver$2.invoke (EventFiringWebDriver.java:101)\nE           at com.sun.proxy.$Proxy2.findElement (None:-1)\nE           at org.openqa.selenium.support.events.EventFiringWebDriver.findElement (EventFiringWebDriver.java:184)\nE           at org.openqa.selenium.remote.server.handler.FindElement.call (FindElement.java:47)\nE           at org.openqa.selenium.remote.server.handler.FindElement.call (FindElement.java:1)\nE           at java.util.concurrent.FutureTask.run (None:-1)\nE           at org.openqa.selenium.remote.server.DefaultSession$1.run (DefaultSession.java:170)\nE           at java.util.concurrent.ThreadPoolExecutor.runWorker (None:-1)\nE           at java.util.concurrent.ThreadPoolExecutor$Worker.run (None:-1)\nE           at java.lang.Thread.run (None:-1)\n\n.env/lib/python2.7/site-packages/selenium/webdriver/remote/errorhandler.py:164: NoSuchElementException"}], "passed": ["marketplace.prod", "marketplace.stage.saucelabs", "marketplace.prod.saucelabs"], "test_name": "test_that_verifies_nav_menu_tabs"}, {"skipped": {}, "all_passed": true, "environments": ["dev", "prod", "stage"], "path_to_result": "tests.desktop.consumer_pages.test_consumers_page/TestConsumerPage/test_that_verifies_categories_menu/", "failed": [], "passed": ["marketplace.dev.saucelabs", "marketplace.prod", "marketplace.stage.saucelabs", "marketplace.prod.saucelabs"], "test_name": "test_that_verifies_categories_menu"}, {"skipped": {"jobs": ["marketplace.dev.saucelabs", "marketplace.prod", "marketplace.stage.saucelabs", "marketplace.prod.saucelabs"], "result": "skipped", "detail": "Sort not available yet.: /Users/Shared/Jenkins/Home/jobs/marketplace.dev.saucelabs/workspace/.env/lib/python2.7/site-packages/_pytest/skipping.py:120: Skipped: Sort not available yet."}, "all_passed": true, "environments": ["dev", "prod", "stage"], "path_to_result": "tests.desktop.consumer_pages.test_search/TestSearching/test_that_verifies_the_sort_region_from_search_results[Relevancy]/", "failed": [], "passed": [], "test_name": "test_that_verifies_the_sort_region_from_search_results[Relevancy]"}, {"skipped": {}, "all_passed": true, "environments": ["stage", "dev"], "path_to_result": "tests.desktop.developer_hub.test_developer_hub/TestDeveloperHub/test_that_checks_apps_are_sorted_by_name/", "failed": [], "passed": ["marketplace.stage.developer_hub.saucelabs", "marketplace.dev.developer_hub", "marketplace.dev.developer_hub.saucelabs"], "test_name": "test_that_checks_apps_are_sorted_by_name"}, {"skipped": {}, "all_passed": false, "environments": ["stage", "dev"], "path_to_result": "tests.desktop.developer_hub.test_developer_hub_submit_apps/TestDeveloperHubSubmitApps/test_hosted_paid_app_submission/", "failed": [{"jobs": ["marketplace.stage.developer_hub.saucelabs"], "result": "failure", "detail": "test failure: self = <tests.desktop.developer_hub.test_developer_hub_submit_apps.TestDeveloperHubSubmitApps instance at 0x10e4fa950>\nmozwebqa_devhub_logged_in = <pytest_mozwebqa.pytest_mozwebqa.TestSetup instance at 0x10e4d44d0>\n\n    @pytest.mark.credentials\n    def test_hosted_paid_app_submission(self, mozwebqa_devhub_logged_in):\n        if '-dev.allizom' in mozwebqa_devhub_logged_in.base_url:\n            env = 'dev'\n        else:\n            env = 'stage'\n    \n        app = MockApplication(env)\n    \n        dev_home = Home(mozwebqa_devhub_logged_in)\n    \n        dev_agreement = dev_home.click_submit_new_app()\n    \n        \"\"\"Agree with the developer agreement and continue if it was not accepted\n            in a previous app submit\"\"\"\n        manifest_validation_form = dev_agreement.click_continue()\n    \n        # select a premium\n        manifest_validation_form.premium_type('paid')\n    \n        # select device type\n        for device in app['device_type']:\n            if device[1]:\n                manifest_validation_form.device_type(device[0], 'paid')\n    \n        # submit the app manifest url and validate it\n        manifest_validation_form.type_app_manifest_url(app['url'])\n        manifest_validation_form.click_validate()\n        Assert.true(manifest_validation_form.app_validation_status,\n                    msg=manifest_validation_form.app_validation_message)\n    \n        app_details = manifest_validation_form.click_continue()\n        Assert.true(app_details.is_the_current_submission_stage, '\\n Expected step is: Details \\n Actual step is: %s' % app_details.current_step)\n    \n        # add custom app details for every field\n        app_details.click_change_name()\n        app_details.type_url_end(app['url_end'])\n        app_details.type_description(app['description'])\n        app_details.type_privacy_policy(app['privacy_policy'])\n        app_details.type_homepage(app['homepage'])\n        app_details.type_support_url(app['support_website'])\n        app_details.type_support_email(app['support_email'])\n    \n        for category in app['categories']:\n            # check/uncheck the checkbox according to the app value\n            app_details.select_categories(*category)\n    \n        app_details.screenshot_upload(app['screenshot_link'])\n        try:\n            next_steps = app_details.click_continue()\n            Assert.equal('Almost There!', next_steps.almost_there_message)\n    \n            content_ratings = next_steps.click_continue()\n            Assert.equal('Get My App Rated', content_ratings.get_app_rated_message)\n    \n            # insert Submission ID and Security code to get app rated\n            content_ratings.fill_in_app_already_rated_info(app['submission_id'], app['security_code'])\n            content_ratings.click_submit()\n            Assert.equal('Content ratings successfully saved.',\n                         content_ratings.saved_ratings_message)\n    \n            # setup payments\n            payments = content_ratings.click_setup_payments()\n    \n            # select payment account\n            payments.select_payment_account()\n    \n            # setup price tier\n            app_price = '$0.10'\n            payments.select_price(app_price)\n    \n            payments.click_payments_save_changes()\n            Assert.true(payments.is_update_notification_visible)\n            Assert.equal(payments.app_price, app_price, '\\n Expected price is: %s \\n Actual price is: %s' % (app_price, payments.app_price))\n    \n        except Exception as exception:\n>           Assert.fail(exception)\n\ntests/desktop/developer_hub/test_developer_hub_submit_apps.py:164: \n_ _ _ _ _ _ _ _ _ _ _ _ _ _ _ _ _ _ _ _ _ _ _ _ _ _ _ _ _ _ _ _ _ _ _ _ _ _ _ _ \n\nself = <class 'unittestzero.Assert'>\nmsg = AssertionError(u'\\n Expected price is: $0.10 \\n Actual price is: 0.99 USD',)\n\n    @classmethod\n    def fail(self, msg):\n        \"\"\"\n            Raises an assertion error with a message passed in\n    \n            :Args:\n             - Message that will be printed\n            \"\"\"\n>       raise AssertionError(msg)\nE       AssertionError: \nE        Expected price is: $0.10 \nE        Actual price is: 0.99 USD\n\n.env/lib/python2.7/site-packages/unittestzero.py:125: AssertionError"}, {"jobs": ["marketplace.dev.developer_hub"], "result": "failure", "detail": "test failure: self = <tests.desktop.developer_hub.test_developer_hub_submit_apps.TestDeveloperHubSubmitApps instance at 0x10cb1f170>\nmozwebqa_devhub_logged_in = <pytest_mozwebqa.pytest_mozwebqa.TestSetup instance at 0x10cb7dab8>\n\n    @pytest.mark.credentials\n    def test_hosted_paid_app_submission(self, mozwebqa_devhub_logged_in):\n        if '-dev.allizom' in mozwebqa_devhub_logged_in.base_url:\n            env = 'dev'\n        else:\n            env = 'stage'\n    \n        app = MockApplication(env)\n    \n        dev_home = Home(mozwebqa_devhub_logged_in)\n    \n        dev_agreement = dev_home.click_submit_new_app()\n    \n        \"\"\"Agree with the developer agreement and continue if it was not accepted\n            in a previous app submit\"\"\"\n        manifest_validation_form = dev_agreement.click_continue()\n    \n        # select a premium\n        manifest_validation_form.premium_type('paid')\n    \n        # select device type\n        for device in app['device_type']:\n            if device[1]:\n                manifest_validation_form.device_type(device[0], 'paid')\n    \n        # submit the app manifest url and validate it\n        manifest_validation_form.type_app_manifest_url(app['url'])\n        manifest_validation_form.click_validate()\n        Assert.true(manifest_validation_form.app_validation_status,\n                    msg=manifest_validation_form.app_validation_message)\n    \n        app_details = manifest_validation_form.click_continue()\n        Assert.true(app_details.is_the_current_submission_stage, '\\n Expected step is: Details \\n Actual step is: %s' % app_details.current_step)\n    \n        # add custom app details for every field\n        app_details.click_change_name()\n        app_details.type_url_end(app['url_end'])\n        app_details.type_description(app['description'])\n        app_details.type_privacy_policy(app['privacy_policy'])\n        app_details.type_homepage(app['homepage'])\n        app_details.type_support_url(app['support_website'])\n        app_details.type_support_email(app['support_email'])\n    \n        for category in app['categories']:\n            # check/uncheck the checkbox according to the app value\n            app_details.select_categories(*category)\n    \n        app_details.screenshot_upload(app['screenshot_link'])\n        try:\n            next_steps = app_details.click_continue()\n            Assert.equal('Almost There!', next_steps.almost_there_message)\n    \n            content_ratings = next_steps.click_continue()\n            Assert.equal('Get My App Rated', content_ratings.get_app_rated_message)\n    \n            # insert Submission ID and Security code to get app rated\n            content_ratings.fill_in_app_already_rated_info(app['submission_id'], app['security_code'])\n            content_ratings.click_submit()\n            Assert.equal('Content ratings successfully saved.',\n                         content_ratings.saved_ratings_message)\n    \n            # setup payments\n            payments = content_ratings.click_setup_payments()\n    \n            # select payment account\n            payments.select_payment_account()\n    \n            # setup price tier\n            app_price = '$0.10'\n            payments.select_price(app_price)\n    \n            payments.click_payments_save_changes()\n            Assert.true(payments.is_update_notification_visible)\n            Assert.equal(payments.app_price, app_price, '\\n Expected price is: %s \\n Actual price is: %s' % (app_price, payments.app_price))\n    \n        except Exception as exception:\n>           Assert.fail(exception)\n\ntests/desktop/developer_hub/test_developer_hub_submit_apps.py:164: \n_ _ _ _ _ _ _ _ _ _ _ _ _ _ _ _ _ _ _ _ _ _ _ _ _ _ _ _ _ _ _ _ _ _ _ _ _ _ _ _ \n\nself = <class 'unittestzero.Assert'>, msg = AssertionError(None,)\n\n    @classmethod\n    def fail(self, msg):\n        \"\"\"\n            Raises an assertion error with a message passed in\n    \n            :Args:\n             - Message that will be printed\n            \"\"\"\n>       raise AssertionError(msg)\nE       AssertionError: None\n\n.env/lib/python2.7/site-packages/unittestzero.py:125: AssertionError"}, {"jobs": ["marketplace.dev.developer_hub.saucelabs"], "result": "failure", "detail": "test failure: self = <tests.desktop.developer_hub.test_developer_hub_submit_apps.TestDeveloperHubSubmitApps instance at 0x10fb95710>\nmozwebqa_devhub_logged_in = <pytest_mozwebqa.pytest_mozwebqa.TestSetup instance at 0x10fb95ef0>\n\n    @pytest.mark.credentials\n    def test_hosted_paid_app_submission(self, mozwebqa_devhub_logged_in):\n        if '-dev.allizom' in mozwebqa_devhub_logged_in.base_url:\n            env = 'dev'\n        else:\n            env = 'stage'\n    \n        app = MockApplication(env)\n    \n        dev_home = Home(mozwebqa_devhub_logged_in)\n    \n        dev_agreement = dev_home.click_submit_new_app()\n    \n        \"\"\"Agree with the developer agreement and continue if it was not accepted\n            in a previous app submit\"\"\"\n        manifest_validation_form = dev_agreement.click_continue()\n    \n        # select a premium\n        manifest_validation_form.premium_type('paid')\n    \n        # select device type\n        for device in app['device_type']:\n            if device[1]:\n                manifest_validation_form.device_type(device[0], 'paid')\n    \n        # submit the app manifest url and validate it\n        manifest_validation_form.type_app_manifest_url(app['url'])\n        manifest_validation_form.click_validate()\n        Assert.true(manifest_validation_form.app_validation_status,\n                    msg=manifest_validation_form.app_validation_message)\n    \n        app_details = manifest_validation_form.click_continue()\n        Assert.true(app_details.is_the_current_submission_stage, '\\n Expected step is: Details \\n Actual step is: %s' % app_details.current_step)\n    \n        # add custom app details for every field\n        app_details.click_change_name()\n        app_details.type_url_end(app['url_end'])\n        app_details.type_description(app['description'])\n        app_details.type_privacy_policy(app['privacy_policy'])\n        app_details.type_homepage(app['homepage'])\n        app_details.type_support_url(app['support_website'])\n        app_details.type_support_email(app['support_email'])\n    \n        for category in app['categories']:\n            # check/uncheck the checkbox according to the app value\n            app_details.select_categories(*category)\n    \n        app_details.screenshot_upload(app['screenshot_link'])\n        try:\n            next_steps = app_details.click_continue()\n            Assert.equal('Almost There!', next_steps.almost_there_message)\n    \n            content_ratings = next_steps.click_continue()\n            Assert.equal('Get My App Rated', content_ratings.get_app_rated_message)\n    \n            # insert Submission ID and Security code to get app rated\n            content_ratings.fill_in_app_already_rated_info(app['submission_id'], app['security_code'])\n            content_ratings.click_submit()\n            Assert.equal('Content ratings successfully saved.',\n                         content_ratings.saved_ratings_message)\n    \n            # setup payments\n            payments = content_ratings.click_setup_payments()\n    \n            # select payment account\n            payments.select_payment_account()\n    \n            # setup price tier\n            app_price = '$0.10'\n            payments.select_price(app_price)\n    \n            payments.click_payments_save_changes()\n            Assert.true(payments.is_update_notification_visible)\n            Assert.equal(payments.app_price, app_price, '\\n Expected price is: %s \\n Actual price is: %s' % (app_price, payments.app_price))\n    \n        except Exception as exception:\n>           Assert.fail(exception)\n\ntests/desktop/developer_hub/test_developer_hub_submit_apps.py:164: \n_ _ _ _ _ _ _ _ _ _ _ _ _ _ _ _ _ _ _ _ _ _ _ _ _ _ _ _ _ _ _ _ _ _ _ _ _ _ _ _ \n\nself = <class 'unittestzero.Assert'>, msg = AssertionError(None,)\n\n    @classmethod\n    def fail(self, msg):\n        \"\"\"\n            Raises an assertion error with a message passed in\n    \n            :Args:\n             - Message that will be printed\n            \"\"\"\n>       raise AssertionError(msg)\nE       AssertionError: None\n\n.env/lib/python2.7/site-packages/unittestzero.py:125: AssertionError"}], "passed": [], "test_name": "test_hosted_paid_app_submission"}, {"skipped": {"jobs": ["marketplace.dev.saucelabs", "marketplace.prod", "marketplace.stage.saucelabs", "marketplace.prod.saucelabs"], "result": "skipped", "detail": "Search suggestions not available yet.: /Users/Shared/Jenkins/Home/jobs/marketplace.dev.saucelabs/workspace/.env/lib/python2.7/site-packages/_pytest/skipping.py:120: Skipped: Search suggestions not available yet."}, "all_passed": true, "environments": ["dev", "prod", "stage"], "path_to_result": "tests.desktop.consumer_pages.test_search/TestSearching/test_that_verifies_the_search_suggestions_list_under_the_search_field/", "failed": [], "passed": [], "test_name": "test_that_verifies_the_search_suggestions_list_under_the_search_field"}]}]}